2018-09-09 01:13:29.813  INFO 8612 --- [main] c.S.SmartGarden.SmartGardenApplication   : Starting SmartGardenApplication on DESKTOP-FNGNCQ9 with PID 8612 (F:\Github\Smart-Garden\code\backend\SmartGarden\target\classes started by 17370 in F:\Github\Smart-Garden\code\backend\SmartGarden)
2018-09-09 01:13:29.924 DEBUG 8612 --- [main] c.S.SmartGarden.SmartGardenApplication   : Running with Spring Boot v2.0.3.RELEASE, Spring v5.0.7.RELEASE
2018-09-09 01:13:29.938  INFO 8612 --- [main] c.S.SmartGarden.SmartGardenApplication   : No active profile set, falling back to default profiles: default
2018-09-09 01:13:30.645  INFO 8612 --- [main] ConfigServletWebServerApplicationContext : Refreshing org.springframework.boot.web.servlet.context.AnnotationConfigServletWebServerApplicationContext@2a3b5b47: startup date [Sun Sep 09 01:13:30 CST 2018]; root of context hierarchy
2018-09-09 01:13:41.018  INFO 8612 --- [main] trationDelegate$BeanPostProcessorChecker : Bean 'org.springframework.transaction.annotation.ProxyTransactionManagementConfiguration' of type [org.springframework.transaction.annotation.ProxyTransactionManagementConfiguration$$EnhancerBySpringCGLIB$$86db462d] is not eligible for getting processed by all BeanPostProcessors (for example: not eligible for auto-proxying)
2018-09-09 01:13:43.323  INFO 8612 --- [main] o.s.b.w.embedded.tomcat.TomcatWebServer  : Tomcat initialized with port(s): 8080 (http)
2018-09-09 01:13:43.466  INFO 8612 --- [main] o.apache.catalina.core.StandardService   : Starting service [Tomcat]
2018-09-09 01:13:43.467  INFO 8612 --- [main] org.apache.catalina.core.StandardEngine  : Starting Servlet Engine: Apache Tomcat/8.5.31
2018-09-09 01:13:43.486  INFO 8612 --- [localhost-startStop-1] o.a.catalina.core.AprLifecycleListener   : The APR based Apache Tomcat Native library which allows optimal performance in production environments was not found on the java.library.path: [C:\Program Files\Java\jdk1.8.0_121\bin;C:\WINDOWS\Sun\Java\bin;C:\WINDOWS\system32;C:\WINDOWS;C:\Program Files\HPE\NV\lib\shunra\vcat;C:\Program Files (x86)\Common Files\Oracle\Java\javapath;C:\Windows\system32;C:\Windows;C:\Windows\System32\Wbem;C:\Windows\System32\WindowsPowerShell\v1.0\;C:\Program Files\Microsoft SQL Server\130\Tools\Binn\;C:\MinGW\bin;C:\Program Files (x86)\mingw-w64\i686-6.2.0-posix-dwarf-rt_v5-rev1\mingw32\bin;C:\Program Files\Java\jdk1.8.0_121\bin;C:\Program Files (x86)\NVIDIA Corporation\PhysX\Common;C:\Program Files (x86)\GtkSharp\2.12\bin;C:\WINDOWS\system32;C:\WINDOWS;C:\WINDOWS\System32\Wbem;C:\WINDOWS\System32\WindowsPowerShell\v1.0\;C:\Python27;C:\Users\17370\AppData\Local\Programs\Python\Python36;C:\Users\17370\AppData\Local\Programs\Python\Python36\Scripts;C:\Program Files\Git\cmd;C:\Program Files (x86)\Yarn\bin;C:\Program Files\nodejs\;C:\Program Files\Microsoft\Web Platform Installer\;C:\Program Files\MySQL\MySQL Utilities 1.6\;"E:\software\apache-tomcat-9.0.6\bin;E:\software\apache-tomcat-9.0.6\lib";E:\software\apache-maven-3.5.3\bin\;C:\WINDOWS\System32\OpenSSH\;E:\software\HPE\strawberry-perl\perl\bin;;E:\software\Microsoft VS Code\bin;E:\software\Putty\;C:\Users\17370\AppData\Local\Programs\Python\Python35-32\Scripts\;C:\Users\17370\AppData\Local\Programs\Python\Python35-32\;C:\Program Files\Java\jdk1.8.0_121\jre\bin;C:\Users\17370\AppData\Local\Microsoft\WindowsApps;C:\Python27;E:\software\vs2015\VC\bin;E:\software\vs2015\Common7\IDE;E:\software\vs2015\Common7\Tools;E:\software\vs2015\VC\bin\amd64;C:\Users\17370\AppData\Local\Yarn\bin;C:\Users\17370\AppData\Roaming\npm;E:\software\Microsoft VS Code\bin;C:\Gradle\gradle-4.6\bin;E:\software\Mongodb\bin;C:\Users\17370\AppData\Local\GitHubDesktop\bin;E:\software\Genymotion\tools;;.]
2018-09-09 01:13:44.512  INFO 8612 --- [localhost-startStop-1] o.a.c.c.C.[Tomcat].[localhost].[/]       : Initializing Spring embedded WebApplicationContext
2018-09-09 01:13:44.513  INFO 8612 --- [localhost-startStop-1] o.s.web.context.ContextLoader            : Root WebApplicationContext: initialization completed in 13869 ms
2018-09-09 01:13:45.623  INFO 8612 --- [localhost-startStop-1] o.s.b.w.servlet.ServletRegistrationBean  : Servlet dispatcherServlet mapped to [/]
2018-09-09 01:13:45.647  INFO 8612 --- [localhost-startStop-1] o.s.b.w.servlet.FilterRegistrationBean   : Mapping filter: 'CORSConfiguration' to: [/*]
2018-09-09 01:13:45.652  INFO 8612 --- [localhost-startStop-1] o.s.b.w.servlet.FilterRegistrationBean   : Mapping filter: 'characterEncodingFilter' to: [/*]
2018-09-09 01:13:45.663  INFO 8612 --- [localhost-startStop-1] o.s.b.w.servlet.FilterRegistrationBean   : Mapping filter: 'hiddenHttpMethodFilter' to: [/*]
2018-09-09 01:13:45.665  INFO 8612 --- [localhost-startStop-1] o.s.b.w.servlet.FilterRegistrationBean   : Mapping filter: 'httpPutFormContentFilter' to: [/*]
2018-09-09 01:13:45.680  INFO 8612 --- [localhost-startStop-1] o.s.b.w.servlet.FilterRegistrationBean   : Mapping filter: 'requestContextFilter' to: [/*]
2018-09-09 01:13:47.190  INFO 8612 --- [main] com.zaxxer.hikari.HikariDataSource       : HikariPool-1 - Starting...
2018-09-09 01:13:48.794  INFO 8612 --- [main] com.zaxxer.hikari.HikariDataSource       : HikariPool-1 - Start completed.
2018-09-09 01:13:49.588  INFO 8612 --- [main] j.LocalContainerEntityManagerFactoryBean : Building JPA container EntityManagerFactory for persistence unit 'default'
2018-09-09 01:13:57.162  INFO 8612 --- [main] j.LocalContainerEntityManagerFactoryBean : Initialized JPA EntityManagerFactory for persistence unit 'default'
2018-09-09 01:14:03.254  INFO 8612 --- [main] o.s.w.s.handler.SimpleUrlHandlerMapping  : Mapped URL path [/**/favicon.ico] onto handler of type [class org.springframework.web.servlet.resource.ResourceHttpRequestHandler]
2018-09-09 01:14:05.750  INFO 8612 --- [main] s.w.s.m.m.a.RequestMappingHandlerAdapter : Looking for @ControllerAdvice: org.springframework.boot.web.servlet.context.AnnotationConfigServletWebServerApplicationContext@2a3b5b47: startup date [Sun Sep 09 01:13:30 CST 2018]; root of context hierarchy
2018-09-09 01:14:06.180  WARN 8612 --- [main] aWebConfiguration$JpaWebMvcConfiguration : spring.jpa.open-in-view is enabled by default. Therefore, database queries may be performed during view rendering. Explicitly configure spring.jpa.open-in-view to disable this warning
2018-09-09 01:14:06.455  INFO 8612 --- [main] s.w.s.m.m.a.RequestMappingHandlerMapping : Mapped "{[/email/sendEmail],methods=[GET]}" onto public int com.SmartGarden.SmartGarden.controller.EmailController.sendEmail(java.lang.String)
2018-09-09 01:14:06.474  INFO 8612 --- [main] s.w.s.m.m.a.RequestMappingHandlerMapping : Mapped "{[/fakeData/generateAll],methods=[GET]}" onto public void com.SmartGarden.SmartGarden.controller.FakeDataController.generateAll() throws java.lang.InterruptedException
2018-09-09 01:14:06.477  INFO 8612 --- [main] s.w.s.m.m.a.RequestMappingHandlerMapping : Mapped "{[/fakeData/generateData],methods=[GET]}" onto public void com.SmartGarden.SmartGarden.controller.FakeDataController.generateData()
2018-09-09 01:14:06.501  INFO 8612 --- [main] s.w.s.m.m.a.RequestMappingHandlerMapping : Mapped "{[/fakeData/generateDataWithSensorId],methods=[GET]}" onto public void com.SmartGarden.SmartGarden.controller.FakeDataController.generateDataWithSensorId(int)
2018-09-09 01:14:06.502  INFO 8612 --- [main] s.w.s.m.m.a.RequestMappingHandlerMapping : Mapped "{[/fakeData/generateDataWithGardenId],methods=[GET]}" onto public void com.SmartGarden.SmartGarden.controller.FakeDataController.generateDataWithGardenId(int)
2018-09-09 01:14:06.565  INFO 8612 --- [main] s.w.s.m.m.a.RequestMappingHandlerMapping : Mapped "{[/garden/deleteByUserId],methods=[POST]}" onto public boolean com.SmartGarden.SmartGarden.controller.GardenController.deleteByUserId(int)
2018-09-09 01:14:06.569  INFO 8612 --- [main] s.w.s.m.m.a.RequestMappingHandlerMapping : Mapped "{[/garden/updateGarden],methods=[POST]}" onto public boolean com.SmartGarden.SmartGarden.controller.GardenController.updateGarden(com.SmartGarden.SmartGarden.model.Garden)
2018-09-09 01:14:06.571  INFO 8612 --- [main] s.w.s.m.m.a.RequestMappingHandlerMapping : Mapped "{[/garden/getByGardenId],methods=[GET]}" onto public com.SmartGarden.SmartGarden.model.Garden com.SmartGarden.SmartGarden.controller.GardenController.getWithGardenId(int)
2018-09-09 01:14:06.574  INFO 8612 --- [main] s.w.s.m.m.a.RequestMappingHandlerMapping : Mapped "{[/garden/deleteByGardenId],methods=[POST]}" onto public boolean com.SmartGarden.SmartGarden.controller.GardenController.deleteByGardenId(int)
2018-09-09 01:14:06.593  INFO 8612 --- [main] s.w.s.m.m.a.RequestMappingHandlerMapping : Mapped "{[/garden/getByUserId],methods=[GET]}" onto public java.util.List<com.SmartGarden.SmartGarden.model.Garden> com.SmartGarden.SmartGarden.controller.GardenController.getWithUserId(int)
2018-09-09 01:14:06.596  INFO 8612 --- [main] s.w.s.m.m.a.RequestMappingHandlerMapping : Mapped "{[/garden/addGardenWithUserId],methods=[POST]}" onto public com.SmartGarden.SmartGarden.model.Garden com.SmartGarden.SmartGarden.controller.GardenController.addGardenWithUserId(com.SmartGarden.SmartGarden.model.Garden,int)
2018-09-09 01:14:06.599  INFO 8612 --- [main] s.w.s.m.m.a.RequestMappingHandlerMapping : Mapped "{[/garden/getGardenNumberByUserId],methods=[GET]}" onto public int com.SmartGarden.SmartGarden.controller.GardenController.getGardenNumberByUserId(int)
2018-09-09 01:14:06.611  INFO 8612 --- [main] s.w.s.m.m.a.RequestMappingHandlerMapping : Mapped "{[/humidity/deleteByHumiDataId],methods=[POST]}" onto public boolean com.SmartGarden.SmartGarden.controller.HumiDataController.deleteHumiData(int)
2018-09-09 01:14:06.615  INFO 8612 --- [main] s.w.s.m.m.a.RequestMappingHandlerMapping : Mapped "{[/humidity/addHumiDataWithSensorId],methods=[POST]}" onto public boolean com.SmartGarden.SmartGarden.controller.HumiDataController.addHumiData(com.SmartGarden.SmartGarden.model.HumiData,int)
2018-09-09 01:14:06.618  INFO 8612 --- [main] s.w.s.m.m.a.RequestMappingHandlerMapping : Mapped "{[/humidity/getLast20HumiDataBySensorId],methods=[GET]}" onto public java.util.List<com.SmartGarden.SmartGarden.model.HumiData> com.SmartGarden.SmartGarden.controller.HumiDataController.getLast20HumiDataBySensorId(int)
2018-09-09 01:14:06.622  INFO 8612 --- [main] s.w.s.m.m.a.RequestMappingHandlerMapping : Mapped "{[/humidity/getLast15HumiDataBySensorId],methods=[GET]}" onto public java.util.List<com.SmartGarden.SmartGarden.model.HumiData> com.SmartGarden.SmartGarden.controller.HumiDataController.getLast15HumiDataBySensorId(int)
2018-09-09 01:14:06.633  INFO 8612 --- [main] s.w.s.m.m.a.RequestMappingHandlerMapping : Mapped "{[/humidity/getLastHumiDataByGardenId],methods=[GET]}" onto public java.util.List<com.SmartGarden.SmartGarden.model.HumiData> com.SmartGarden.SmartGarden.controller.HumiDataController.getLastHumiDataByGardenId(int)
2018-09-09 01:14:06.655  INFO 8612 --- [main] s.w.s.m.m.a.RequestMappingHandlerMapping : Mapped "{[/nozzles/modifyRadiusByNozzleId],methods=[POST]}" onto public boolean com.SmartGarden.SmartGarden.controller.NozzleController.modifyRadius(int,java.lang.Double)
2018-09-09 01:14:06.657  INFO 8612 --- [main] s.w.s.m.m.a.RequestMappingHandlerMapping : Mapped "{[/nozzles/deleteNozzleByNozzleId],methods=[POST]}" onto public boolean com.SmartGarden.SmartGarden.controller.NozzleController.deleteByNozzleId(int)
2018-09-09 01:14:06.659  INFO 8612 --- [main] s.w.s.m.m.a.RequestMappingHandlerMapping : Mapped "{[/nozzles/modifyStateByNozzleId],methods=[POST]}" onto public boolean com.SmartGarden.SmartGarden.controller.NozzleController.modifyState(int,int)
2018-09-09 01:14:06.667  INFO 8612 --- [main] s.w.s.m.m.a.RequestMappingHandlerMapping : Mapped "{[/nozzles/modifyPositionByNozzleId],methods=[POST]}" onto public boolean com.SmartGarden.SmartGarden.controller.NozzleController.modifyPosition(int,java.lang.Double,java.lang.Double)
2018-09-09 01:14:06.697  INFO 8612 --- [main] s.w.s.m.m.a.RequestMappingHandlerMapping : Mapped "{[/nozzles/addNozzleByGardenId],methods=[POST]}" onto public com.SmartGarden.SmartGarden.model.Nozzle com.SmartGarden.SmartGarden.controller.NozzleController.addNozzleWithGardenId(com.SmartGarden.SmartGarden.model.Nozzle,int)
2018-09-09 01:14:06.700  INFO 8612 --- [main] s.w.s.m.m.a.RequestMappingHandlerMapping : Mapped "{[/nozzles/getNozzleByGardenId],methods=[GET]}" onto public java.util.List<com.SmartGarden.SmartGarden.model.Nozzle> com.SmartGarden.SmartGarden.controller.NozzleController.getNozzleByGardenId(int)
2018-09-09 01:14:06.703  INFO 8612 --- [main] s.w.s.m.m.a.RequestMappingHandlerMapping : Mapped "{[/nozzles/getNozzleByNozzleId],methods=[GET]}" onto public com.SmartGarden.SmartGarden.model.Nozzle com.SmartGarden.SmartGarden.controller.NozzleController.getNozzleByNozzleId(int)
2018-09-09 01:14:06.877  INFO 8612 --- [main] s.w.s.m.m.a.RequestMappingHandlerMapping : Mapped "{[/sensors/getAllSensor],methods=[GET]}" onto public java.util.List<com.SmartGarden.SmartGarden.model.Sensor> com.SmartGarden.SmartGarden.controller.SensorController.getAllSensor()
2018-09-09 01:14:06.985  INFO 8612 --- [main] s.w.s.m.m.a.RequestMappingHandlerMapping : Mapped "{[/sensors/deleteSensorBySensorId],methods=[POST]}" onto public boolean com.SmartGarden.SmartGarden.controller.SensorController.deleteSensorBySensorId(int)
2018-09-09 01:14:06.987  INFO 8612 --- [main] s.w.s.m.m.a.RequestMappingHandlerMapping : Mapped "{[/sensors/getSensorNumberByGardenId],methods=[GET]}" onto public int com.SmartGarden.SmartGarden.controller.SensorController.getSensorNumberByGardenId(int)
2018-09-09 01:14:06.989  INFO 8612 --- [main] s.w.s.m.m.a.RequestMappingHandlerMapping : Mapped "{[/sensors/modifySensorPosition],methods=[POST]}" onto public boolean com.SmartGarden.SmartGarden.controller.SensorController.modifySensorPosition(int,java.lang.Double,java.lang.Double)
2018-09-09 01:14:06.991  INFO 8612 --- [main] s.w.s.m.m.a.RequestMappingHandlerMapping : Mapped "{[/sensors/getTempSensorByGardenId],methods=[GET]}" onto public java.util.List<com.SmartGarden.SmartGarden.model.Sensor> com.SmartGarden.SmartGarden.controller.SensorController.getTempSensorByGardenId(int)
2018-09-09 01:14:07.011  INFO 8612 --- [main] s.w.s.m.m.a.RequestMappingHandlerMapping : Mapped "{[/sensors/addSensorWithGardenId],methods=[POST]}" onto public boolean com.SmartGarden.SmartGarden.controller.SensorController.addSensorWithGardenId(com.SmartGarden.SmartGarden.model.Sensor,int)
2018-09-09 01:14:07.019  INFO 8612 --- [main] s.w.s.m.m.a.RequestMappingHandlerMapping : Mapped "{[/sensors/getSensorByGardenId],methods=[GET]}" onto public java.util.List<com.SmartGarden.SmartGarden.model.Sensor> com.SmartGarden.SmartGarden.controller.SensorController.getSensorByGardenId(int)
2018-09-09 01:14:07.039  INFO 8612 --- [main] s.w.s.m.m.a.RequestMappingHandlerMapping : Mapped "{[/sensors/modifySensorState],methods=[POST]}" onto public boolean com.SmartGarden.SmartGarden.controller.SensorController.modifySensorState(int,int)
2018-09-09 01:14:07.068  INFO 8612 --- [main] s.w.s.m.m.a.RequestMappingHandlerMapping : Mapped "{[/sensors/getSensorBySensorId],methods=[GET]}" onto public com.SmartGarden.SmartGarden.model.Sensor com.SmartGarden.SmartGarden.controller.SensorController.getSensorBySensorId(int)
2018-09-09 01:14:07.072  INFO 8612 --- [main] s.w.s.m.m.a.RequestMappingHandlerMapping : Mapped "{[/sensors/updateSensorBySensorId],methods=[POST]}" onto public boolean com.SmartGarden.SmartGarden.controller.SensorController.updateSensorBySensorId(com.SmartGarden.SmartGarden.model.Sensor)
2018-09-09 01:14:07.076  INFO 8612 --- [main] s.w.s.m.m.a.RequestMappingHandlerMapping : Mapped "{[/sensors/getHumiSensorByGardenId],methods=[GET]}" onto public java.util.List<com.SmartGarden.SmartGarden.model.Sensor> com.SmartGarden.SmartGarden.controller.SensorController.getHumiSensorByGardenId(int)
2018-09-09 01:14:07.094  INFO 8612 --- [main] s.w.s.m.m.a.RequestMappingHandlerMapping : Mapped "{[/temperature/addTempDataWithSensorId],methods=[POST]}" onto public boolean com.SmartGarden.SmartGarden.controller.TempDataController.addTempData(com.SmartGarden.SmartGarden.model.TempData,int)
2018-09-09 01:14:07.100  INFO 8612 --- [main] s.w.s.m.m.a.RequestMappingHandlerMapping : Mapped "{[/temperature/deleteByTempDataId],methods=[POST]}" onto public boolean com.SmartGarden.SmartGarden.controller.TempDataController.deleteTempData(int)
2018-09-09 01:14:07.104  INFO 8612 --- [main] s.w.s.m.m.a.RequestMappingHandlerMapping : Mapped "{[/temperature/getLastTempDataByGardenId],methods=[GET]}" onto public java.util.List<com.SmartGarden.SmartGarden.model.TempData> com.SmartGarden.SmartGarden.controller.TempDataController.getLastTempDataByGardenId(int)
2018-09-09 01:14:07.162  INFO 8612 --- [main] s.w.s.m.m.a.RequestMappingHandlerMapping : Mapped "{[/temperature/getLast20TempDataBySensorId],methods=[GET]}" onto public java.util.List<com.SmartGarden.SmartGarden.model.TempData> com.SmartGarden.SmartGarden.controller.TempDataController.getLast20TempDataBySensorId(int)
2018-09-09 01:14:07.166  INFO 8612 --- [main] s.w.s.m.m.a.RequestMappingHandlerMapping : Mapped "{[/temperature/getLast15TempDataBySensorId],methods=[GET]}" onto public java.util.List<com.SmartGarden.SmartGarden.model.TempData> com.SmartGarden.SmartGarden.controller.TempDataController.getLast15TempDataBySensorId(int)
2018-09-09 01:14:07.200  INFO 8612 --- [main] s.w.s.m.m.a.RequestMappingHandlerMapping : Mapped "{[/users/deleteByUserId],methods=[POST]}" onto public boolean com.SmartGarden.SmartGarden.controller.UserController.deleteByUserId(int)
2018-09-09 01:14:07.225  INFO 8612 --- [main] s.w.s.m.m.a.RequestMappingHandlerMapping : Mapped "{[/users/modifyUserState],methods=[POST]}" onto public com.SmartGarden.SmartGarden.model.User com.SmartGarden.SmartGarden.controller.UserController.modifyUserState(int,int)
2018-09-09 01:14:07.228  INFO 8612 --- [main] s.w.s.m.m.a.RequestMappingHandlerMapping : Mapped "{[/users/loginWithUserId],methods=[GET]}" onto public com.SmartGarden.SmartGarden.model.User com.SmartGarden.SmartGarden.controller.UserController.login(int,java.lang.String)
2018-09-09 01:14:07.249  INFO 8612 --- [main] s.w.s.m.m.a.RequestMappingHandlerMapping : Mapped "{[/users/modifyPhone],methods=[POST]}" onto public com.SmartGarden.SmartGarden.model.User com.SmartGarden.SmartGarden.controller.UserController.modifyPhone(int,java.lang.String)
2018-09-09 01:14:07.250  INFO 8612 --- [main] s.w.s.m.m.a.RequestMappingHandlerMapping : Mapped "{[/users/modifyUserType],methods=[POST]}" onto public com.SmartGarden.SmartGarden.model.User com.SmartGarden.SmartGarden.controller.UserController.modifyUserType(int,int)
2018-09-09 01:14:07.258  INFO 8612 --- [main] s.w.s.m.m.a.RequestMappingHandlerMapping : Mapped "{[/users/modifyPassword],methods=[POST]}" onto public com.SmartGarden.SmartGarden.model.User com.SmartGarden.SmartGarden.controller.UserController.modifyPassword(int,java.lang.String)
2018-09-09 01:14:07.420  INFO 8612 --- [main] s.w.s.m.m.a.RequestMappingHandlerMapping : Mapped "{[/users/modifyUsername],methods=[POST]}" onto public com.SmartGarden.SmartGarden.model.User com.SmartGarden.SmartGarden.controller.UserController.modifyUsername(int,java.lang.String)
2018-09-09 01:14:07.422  INFO 8612 --- [main] s.w.s.m.m.a.RequestMappingHandlerMapping : Mapped "{[/users/loginWithEmail],methods=[GET]}" onto public com.SmartGarden.SmartGarden.model.User com.SmartGarden.SmartGarden.controller.UserController.loginWithEmail(java.lang.String,java.lang.String)
2018-09-09 01:14:07.424  INFO 8612 --- [main] s.w.s.m.m.a.RequestMappingHandlerMapping : Mapped "{[/users/updateUser],methods=[POST]}" onto public boolean com.SmartGarden.SmartGarden.controller.UserController.updateUser(com.SmartGarden.SmartGarden.model.User)
2018-09-09 01:14:07.427  INFO 8612 --- [main] s.w.s.m.m.a.RequestMappingHandlerMapping : Mapped "{[/users/modifyEmail],methods=[POST]}" onto public com.SmartGarden.SmartGarden.model.User com.SmartGarden.SmartGarden.controller.UserController.modifyEmail(int,java.lang.String)
2018-09-09 01:14:07.432  INFO 8612 --- [main] s.w.s.m.m.a.RequestMappingHandlerMapping : Mapped "{[/users/getAllUser],methods=[GET]}" onto public java.util.List<com.SmartGarden.SmartGarden.model.User> com.SmartGarden.SmartGarden.controller.UserController.getAllUser()
2018-09-09 01:14:07.434  INFO 8612 --- [main] s.w.s.m.m.a.RequestMappingHandlerMapping : Mapped "{[/users/activeUserWithUserId],methods=[POST]}" onto public boolean com.SmartGarden.SmartGarden.controller.UserController.activeUserWithUserId(int)
2018-09-09 01:14:07.436  INFO 8612 --- [main] s.w.s.m.m.a.RequestMappingHandlerMapping : Mapped "{[/users/addUser],methods=[POST]}" onto public com.SmartGarden.SmartGarden.model.User com.SmartGarden.SmartGarden.controller.UserController.addUser(com.SmartGarden.SmartGarden.model.User)
2018-09-09 01:14:07.496  INFO 8612 --- [main] s.w.s.m.m.a.RequestMappingHandlerMapping : Mapped "{[/waterConfig/runAutoWatering],methods=[POST]}" onto public void com.SmartGarden.SmartGarden.controller.WaterConfigController.runAutoWatering()
2018-09-09 01:14:07.499  INFO 8612 --- [main] s.w.s.m.m.a.RequestMappingHandlerMapping : Mapped "{[/waterConfig/changeTempConfig],methods=[POST]}" onto public boolean com.SmartGarden.SmartGarden.controller.WaterConfigController.changeTempConfig(int,java.lang.Double,java.lang.Double)
2018-09-09 01:14:07.502  INFO 8612 --- [main] s.w.s.m.m.a.RequestMappingHandlerMapping : Mapped "{[/waterConfig/getAllConfig],methods=[GET]}" onto public java.util.List<com.SmartGarden.SmartGarden.model.WateringConfig> com.SmartGarden.SmartGarden.controller.WaterConfigController.getAllConfig()
2018-09-09 01:14:07.503  INFO 8612 --- [main] s.w.s.m.m.a.RequestMappingHandlerMapping : Mapped "{[/waterConfig/addConfigByGardenId],methods=[POST]}" onto public com.SmartGarden.SmartGarden.model.WateringConfig com.SmartGarden.SmartGarden.controller.WaterConfigController.addConfig(com.SmartGarden.SmartGarden.model.WateringConfig,int)
2018-09-09 01:14:07.505  INFO 8612 --- [main] s.w.s.m.m.a.RequestMappingHandlerMapping : Mapped "{[/waterConfig/updateConfig],methods=[POST]}" onto public boolean com.SmartGarden.SmartGarden.controller.WaterConfigController.updateConfig(com.SmartGarden.SmartGarden.model.WateringConfig)
2018-09-09 01:14:07.548  INFO 8612 --- [main] s.w.s.m.m.a.RequestMappingHandlerMapping : Mapped "{[/waterConfig/changeHumiConfig],methods=[POST]}" onto public boolean com.SmartGarden.SmartGarden.controller.WaterConfigController.changeHumiConfig(int,java.lang.Double,java.lang.Double)
2018-09-09 01:14:07.550  INFO 8612 --- [main] s.w.s.m.m.a.RequestMappingHandlerMapping : Mapped "{[/waterConfig/deleteByConfigId],methods=[POST]}" onto public boolean com.SmartGarden.SmartGarden.controller.WaterConfigController.deleteConfig(int)
2018-09-09 01:14:07.595  INFO 8612 --- [main] s.w.s.m.m.a.RequestMappingHandlerMapping : Mapped "{[/waterConfig/deleteByGardenId],methods=[POST]}" onto public boolean com.SmartGarden.SmartGarden.controller.WaterConfigController.deleteByGardenId(int)
2018-09-09 01:14:07.599  INFO 8612 --- [main] s.w.s.m.m.a.RequestMappingHandlerMapping : Mapped "{[/waterConfig/getConfigByGardenId],methods=[GET]}" onto public java.util.List<com.SmartGarden.SmartGarden.model.WateringConfig> com.SmartGarden.SmartGarden.controller.WaterConfigController.getConfigByGardenId(int)
2018-09-09 01:14:07.601  INFO 8612 --- [main] s.w.s.m.m.a.RequestMappingHandlerMapping : Mapped "{[/waterConfig/changeConfigState],methods=[POST]}" onto public boolean com.SmartGarden.SmartGarden.controller.WaterConfigController.changeConfigState(int)
2018-09-09 01:14:07.643  INFO 8612 --- [main] s.w.s.m.m.a.RequestMappingHandlerMapping : Mapped "{[/error]}" onto public org.springframework.http.ResponseEntity<java.util.Map<java.lang.String, java.lang.Object>> org.springframework.boot.autoconfigure.web.servlet.error.BasicErrorController.error(javax.servlet.http.HttpServletRequest)
2018-09-09 01:14:07.646  INFO 8612 --- [main] s.w.s.m.m.a.RequestMappingHandlerMapping : Mapped "{[/error],produces=[text/html]}" onto public org.springframework.web.servlet.ModelAndView org.springframework.boot.autoconfigure.web.servlet.error.BasicErrorController.errorHtml(javax.servlet.http.HttpServletRequest,javax.servlet.http.HttpServletResponse)
2018-09-09 01:14:08.349  INFO 8612 --- [main] o.s.w.s.handler.SimpleUrlHandlerMapping  : Mapped URL path [/webjars/**] onto handler of type [class org.springframework.web.servlet.resource.ResourceHttpRequestHandler]
2018-09-09 01:14:08.350  INFO 8612 --- [main] o.s.w.s.handler.SimpleUrlHandlerMapping  : Mapped URL path [/**] onto handler of type [class org.springframework.web.servlet.resource.ResourceHttpRequestHandler]
2018-09-09 01:14:10.748  INFO 8612 --- [main] o.s.j.e.a.AnnotationMBeanExporter        : Registering beans for JMX exposure on startup
2018-09-09 01:14:10.757  INFO 8612 --- [main] o.s.j.e.a.AnnotationMBeanExporter        : Bean with name 'dataSource' has been autodetected for JMX exposure
2018-09-09 01:14:10.788  INFO 8612 --- [main] o.s.j.e.a.AnnotationMBeanExporter        : Located MBean 'dataSource': registering with JMX server as MBean [com.zaxxer.hikari:name=dataSource,type=HikariDataSource]
2018-09-09 01:14:10.913 ERROR 8612 --- [main] o.apache.catalina.core.StandardService   : Failed to start connector [Connector[HTTP/1.1-8080]]

org.apache.catalina.LifecycleException: Failed to start component [Connector[HTTP/1.1-8080]]
	at org.apache.catalina.util.LifecycleBase.start(LifecycleBase.java:167) ~[tomcat-embed-core-8.5.31.jar:8.5.31]
	at org.apache.catalina.core.StandardService.addConnector(StandardService.java:225) ~[tomcat-embed-core-8.5.31.jar:8.5.31]
	at org.springframework.boot.web.embedded.tomcat.TomcatWebServer.addPreviouslyRemovedConnectors(TomcatWebServer.java:256) [spring-boot-2.0.3.RELEASE.jar:2.0.3.RELEASE]
	at org.springframework.boot.web.embedded.tomcat.TomcatWebServer.start(TomcatWebServer.java:198) [spring-boot-2.0.3.RELEASE.jar:2.0.3.RELEASE]
	at org.springframework.boot.web.servlet.context.ServletWebServerApplicationContext.startWebServer(ServletWebServerApplicationContext.java:300) [spring-boot-2.0.3.RELEASE.jar:2.0.3.RELEASE]
	at org.springframework.boot.web.servlet.context.ServletWebServerApplicationContext.finishRefresh(ServletWebServerApplicationContext.java:162) [spring-boot-2.0.3.RELEASE.jar:2.0.3.RELEASE]
	at org.springframework.context.support.AbstractApplicationContext.refresh(AbstractApplicationContext.java:553) [spring-context-5.0.7.RELEASE.jar:5.0.7.RELEASE]
	at org.springframework.boot.web.servlet.context.ServletWebServerApplicationContext.refresh(ServletWebServerApplicationContext.java:140) [spring-boot-2.0.3.RELEASE.jar:2.0.3.RELEASE]
	at org.springframework.boot.SpringApplication.refresh(SpringApplication.java:759) [spring-boot-2.0.3.RELEASE.jar:2.0.3.RELEASE]
	at org.springframework.boot.SpringApplication.refreshContext(SpringApplication.java:395) [spring-boot-2.0.3.RELEASE.jar:2.0.3.RELEASE]
	at org.springframework.boot.SpringApplication.run(SpringApplication.java:327) [spring-boot-2.0.3.RELEASE.jar:2.0.3.RELEASE]
	at org.springframework.boot.SpringApplication.run(SpringApplication.java:1255) [spring-boot-2.0.3.RELEASE.jar:2.0.3.RELEASE]
	at org.springframework.boot.SpringApplication.run(SpringApplication.java:1243) [spring-boot-2.0.3.RELEASE.jar:2.0.3.RELEASE]
	at com.SmartGarden.SmartGarden.SmartGardenApplication.main(SmartGardenApplication.java:13) [classes/:na]
Caused by: org.apache.catalina.LifecycleException: Protocol handler start failed
	at org.apache.catalina.connector.Connector.startInternal(Connector.java:1020) ~[tomcat-embed-core-8.5.31.jar:8.5.31]
	at org.apache.catalina.util.LifecycleBase.start(LifecycleBase.java:150) ~[tomcat-embed-core-8.5.31.jar:8.5.31]
	... 13 common frames omitted
Caused by: java.net.BindException: Address already in use: bind
	at sun.nio.ch.Net.bind0(Native Method) ~[na:1.8.0_121]
	at sun.nio.ch.Net.bind(Net.java:433) ~[na:1.8.0_121]
	at sun.nio.ch.Net.bind(Net.java:425) ~[na:1.8.0_121]
	at sun.nio.ch.ServerSocketChannelImpl.bind(ServerSocketChannelImpl.java:223) ~[na:1.8.0_121]
	at sun.nio.ch.ServerSocketAdaptor.bind(ServerSocketAdaptor.java:74) ~[na:1.8.0_121]
	at org.apache.tomcat.util.net.NioEndpoint.bind(NioEndpoint.java:210) ~[tomcat-embed-core-8.5.31.jar:8.5.31]
	at org.apache.tomcat.util.net.AbstractEndpoint.start(AbstractEndpoint.java:1150) ~[tomcat-embed-core-8.5.31.jar:8.5.31]
	at org.apache.coyote.AbstractProtocol.start(AbstractProtocol.java:591) ~[tomcat-embed-core-8.5.31.jar:8.5.31]
	at org.apache.catalina.connector.Connector.startInternal(Connector.java:1018) ~[tomcat-embed-core-8.5.31.jar:8.5.31]
	... 14 common frames omitted

2018-09-09 01:14:10.938  INFO 8612 --- [main] o.apache.catalina.core.StandardService   : Stopping service [Tomcat]
2018-09-09 01:14:11.427  INFO 8612 --- [main] ConditionEvaluationReportLoggingListener : 

Error starting ApplicationContext. To display the conditions report re-run your application with 'debug' enabled.
2018-09-09 01:14:11.476 ERROR 8612 --- [main] o.s.b.d.LoggingFailureAnalysisReporter   : 

***************************
APPLICATION FAILED TO START
***************************

Description:

The Tomcat connector configured to listen on port 8080 failed to start. The port may already be in use or the connector may be misconfigured.

Action:

Verify the connector's configuration, identify and stop any process that's listening on port 8080, or configure this application to listen on another port.

2018-09-09 01:14:11.489  INFO 8612 --- [main] ConfigServletWebServerApplicationContext : Closing org.springframework.boot.web.servlet.context.AnnotationConfigServletWebServerApplicationContext@2a3b5b47: startup date [Sun Sep 09 01:13:30 CST 2018]; root of context hierarchy
2018-09-09 01:14:11.504  INFO 8612 --- [main] o.s.j.e.a.AnnotationMBeanExporter        : Unregistering JMX-exposed beans on shutdown
2018-09-09 01:14:11.506  INFO 8612 --- [main] o.s.j.e.a.AnnotationMBeanExporter        : Unregistering JMX-exposed beans
2018-09-09 01:14:11.525  INFO 8612 --- [main] j.LocalContainerEntityManagerFactoryBean : Closing JPA EntityManagerFactory for persistence unit 'default'
2018-09-09 01:14:11.532  INFO 8612 --- [main] com.zaxxer.hikari.HikariDataSource       : HikariPool-1 - Shutdown initiated...
2018-09-09 01:14:11.591  INFO 8612 --- [main] com.zaxxer.hikari.HikariDataSource       : HikariPool-1 - Shutdown completed.
2018-09-09 01:16:07.520  INFO 1236 --- [main] c.S.SmartGarden.SmartGardenApplication   : Starting SmartGardenApplication on DESKTOP-FNGNCQ9 with PID 1236 (F:\Github\Smart-Garden\code\backend\SmartGarden\target\classes started by 17370 in F:\Github\Smart-Garden\code\backend\SmartGarden)
2018-09-09 01:16:07.528 DEBUG 1236 --- [main] c.S.SmartGarden.SmartGardenApplication   : Running with Spring Boot v2.0.3.RELEASE, Spring v5.0.7.RELEASE
2018-09-09 01:16:07.537  INFO 1236 --- [main] c.S.SmartGarden.SmartGardenApplication   : No active profile set, falling back to default profiles: default
2018-09-09 01:16:07.984  INFO 1236 --- [main] ConfigServletWebServerApplicationContext : Refreshing org.springframework.boot.web.servlet.context.AnnotationConfigServletWebServerApplicationContext@2a3b5b47: startup date [Sun Sep 09 01:16:07 CST 2018]; root of context hierarchy
2018-09-09 01:16:15.070  INFO 1236 --- [main] trationDelegate$BeanPostProcessorChecker : Bean 'org.springframework.transaction.annotation.ProxyTransactionManagementConfiguration' of type [org.springframework.transaction.annotation.ProxyTransactionManagementConfiguration$$EnhancerBySpringCGLIB$$45a6176d] is not eligible for getting processed by all BeanPostProcessors (for example: not eligible for auto-proxying)
2018-09-09 01:16:16.972  INFO 1236 --- [main] o.s.b.w.embedded.tomcat.TomcatWebServer  : Tomcat initialized with port(s): 8080 (http)
2018-09-09 01:16:17.112  INFO 1236 --- [main] o.apache.catalina.core.StandardService   : Starting service [Tomcat]
2018-09-09 01:16:17.114  INFO 1236 --- [main] org.apache.catalina.core.StandardEngine  : Starting Servlet Engine: Apache Tomcat/8.5.31
2018-09-09 01:16:17.135  INFO 1236 --- [localhost-startStop-1] o.a.catalina.core.AprLifecycleListener   : The APR based Apache Tomcat Native library which allows optimal performance in production environments was not found on the java.library.path: [C:\Program Files\Java\jdk1.8.0_121\bin;C:\WINDOWS\Sun\Java\bin;C:\WINDOWS\system32;C:\WINDOWS;C:\Program Files\HPE\NV\lib\shunra\vcat;C:\Program Files (x86)\Common Files\Oracle\Java\javapath;C:\Windows\system32;C:\Windows;C:\Windows\System32\Wbem;C:\Windows\System32\WindowsPowerShell\v1.0\;C:\Program Files\Microsoft SQL Server\130\Tools\Binn\;C:\MinGW\bin;C:\Program Files (x86)\mingw-w64\i686-6.2.0-posix-dwarf-rt_v5-rev1\mingw32\bin;C:\Program Files\Java\jdk1.8.0_121\bin;C:\Program Files (x86)\NVIDIA Corporation\PhysX\Common;C:\Program Files (x86)\GtkSharp\2.12\bin;C:\WINDOWS\system32;C:\WINDOWS;C:\WINDOWS\System32\Wbem;C:\WINDOWS\System32\WindowsPowerShell\v1.0\;C:\Python27;C:\Users\17370\AppData\Local\Programs\Python\Python36;C:\Users\17370\AppData\Local\Programs\Python\Python36\Scripts;C:\Program Files\Git\cmd;C:\Program Files (x86)\Yarn\bin;C:\Program Files\nodejs\;C:\Program Files\Microsoft\Web Platform Installer\;C:\Program Files\MySQL\MySQL Utilities 1.6\;"E:\software\apache-tomcat-9.0.6\bin;E:\software\apache-tomcat-9.0.6\lib";E:\software\apache-maven-3.5.3\bin\;C:\WINDOWS\System32\OpenSSH\;E:\software\HPE\strawberry-perl\perl\bin;;E:\software\Microsoft VS Code\bin;E:\software\Putty\;C:\Users\17370\AppData\Local\Programs\Python\Python35-32\Scripts\;C:\Users\17370\AppData\Local\Programs\Python\Python35-32\;C:\Program Files\Java\jdk1.8.0_121\jre\bin;C:\Users\17370\AppData\Local\Microsoft\WindowsApps;C:\Python27;E:\software\vs2015\VC\bin;E:\software\vs2015\Common7\IDE;E:\software\vs2015\Common7\Tools;E:\software\vs2015\VC\bin\amd64;C:\Users\17370\AppData\Local\Yarn\bin;C:\Users\17370\AppData\Roaming\npm;E:\software\Microsoft VS Code\bin;C:\Gradle\gradle-4.6\bin;E:\software\Mongodb\bin;C:\Users\17370\AppData\Local\GitHubDesktop\bin;E:\software\Genymotion\tools;;.]
2018-09-09 01:16:17.905  INFO 1236 --- [localhost-startStop-1] o.a.c.c.C.[Tomcat].[localhost].[/]       : Initializing Spring embedded WebApplicationContext
2018-09-09 01:16:17.908  INFO 1236 --- [localhost-startStop-1] o.s.web.context.ContextLoader            : Root WebApplicationContext: initialization completed in 9925 ms
2018-09-09 01:16:18.924  INFO 1236 --- [localhost-startStop-1] o.s.b.w.servlet.ServletRegistrationBean  : Servlet dispatcherServlet mapped to [/]
2018-09-09 01:16:18.949  INFO 1236 --- [localhost-startStop-1] o.s.b.w.servlet.FilterRegistrationBean   : Mapping filter: 'CORSConfiguration' to: [/*]
2018-09-09 01:16:18.953  INFO 1236 --- [localhost-startStop-1] o.s.b.w.servlet.FilterRegistrationBean   : Mapping filter: 'characterEncodingFilter' to: [/*]
2018-09-09 01:16:18.957  INFO 1236 --- [localhost-startStop-1] o.s.b.w.servlet.FilterRegistrationBean   : Mapping filter: 'hiddenHttpMethodFilter' to: [/*]
2018-09-09 01:16:18.958  INFO 1236 --- [localhost-startStop-1] o.s.b.w.servlet.FilterRegistrationBean   : Mapping filter: 'httpPutFormContentFilter' to: [/*]
2018-09-09 01:16:18.959  INFO 1236 --- [localhost-startStop-1] o.s.b.w.servlet.FilterRegistrationBean   : Mapping filter: 'requestContextFilter' to: [/*]
2018-09-09 01:16:19.796  INFO 1236 --- [main] com.zaxxer.hikari.HikariDataSource       : HikariPool-1 - Starting...
2018-09-09 01:16:20.754  INFO 1236 --- [main] com.zaxxer.hikari.HikariDataSource       : HikariPool-1 - Start completed.
2018-09-09 01:16:21.291  INFO 1236 --- [main] j.LocalContainerEntityManagerFactoryBean : Building JPA container EntityManagerFactory for persistence unit 'default'
2018-09-09 01:16:35.654  INFO 1236 --- [main] j.LocalContainerEntityManagerFactoryBean : Initialized JPA EntityManagerFactory for persistence unit 'default'
2018-09-09 01:16:47.077  INFO 1236 --- [main] o.s.w.s.handler.SimpleUrlHandlerMapping  : Mapped URL path [/**/favicon.ico] onto handler of type [class org.springframework.web.servlet.resource.ResourceHttpRequestHandler]
2018-09-09 01:16:50.426  INFO 1236 --- [main] s.w.s.m.m.a.RequestMappingHandlerAdapter : Looking for @ControllerAdvice: org.springframework.boot.web.servlet.context.AnnotationConfigServletWebServerApplicationContext@2a3b5b47: startup date [Sun Sep 09 01:16:07 CST 2018]; root of context hierarchy
2018-09-09 01:16:51.504  WARN 1236 --- [main] aWebConfiguration$JpaWebMvcConfiguration : spring.jpa.open-in-view is enabled by default. Therefore, database queries may be performed during view rendering. Explicitly configure spring.jpa.open-in-view to disable this warning
2018-09-09 01:16:52.284  INFO 1236 --- [main] s.w.s.m.m.a.RequestMappingHandlerMapping : Mapped "{[/email/sendEmail],methods=[GET]}" onto public int com.SmartGarden.SmartGarden.controller.EmailController.sendEmail(java.lang.String)
2018-09-09 01:16:52.303  INFO 1236 --- [main] s.w.s.m.m.a.RequestMappingHandlerMapping : Mapped "{[/fakeData/generateDataWithSensorId],methods=[GET]}" onto public void com.SmartGarden.SmartGarden.controller.FakeDataController.generateDataWithSensorId(int)
2018-09-09 01:16:52.306  INFO 1236 --- [main] s.w.s.m.m.a.RequestMappingHandlerMapping : Mapped "{[/fakeData/generateDataWithGardenId],methods=[GET]}" onto public void com.SmartGarden.SmartGarden.controller.FakeDataController.generateDataWithGardenId(int)
2018-09-09 01:16:52.312  INFO 1236 --- [main] s.w.s.m.m.a.RequestMappingHandlerMapping : Mapped "{[/fakeData/generateData],methods=[GET]}" onto public void com.SmartGarden.SmartGarden.controller.FakeDataController.generateData()
2018-09-09 01:16:52.314  INFO 1236 --- [main] s.w.s.m.m.a.RequestMappingHandlerMapping : Mapped "{[/fakeData/generateAll],methods=[GET]}" onto public void com.SmartGarden.SmartGarden.controller.FakeDataController.generateAll() throws java.lang.InterruptedException
2018-09-09 01:16:52.342  INFO 1236 --- [main] s.w.s.m.m.a.RequestMappingHandlerMapping : Mapped "{[/garden/addGardenWithUserId],methods=[POST]}" onto public com.SmartGarden.SmartGarden.model.Garden com.SmartGarden.SmartGarden.controller.GardenController.addGardenWithUserId(com.SmartGarden.SmartGarden.model.Garden,int)
2018-09-09 01:16:52.344  INFO 1236 --- [main] s.w.s.m.m.a.RequestMappingHandlerMapping : Mapped "{[/garden/getGardenNumberByUserId],methods=[GET]}" onto public int com.SmartGarden.SmartGarden.controller.GardenController.getGardenNumberByUserId(int)
2018-09-09 01:16:52.346  INFO 1236 --- [main] s.w.s.m.m.a.RequestMappingHandlerMapping : Mapped "{[/garden/getByUserId],methods=[GET]}" onto public java.util.List<com.SmartGarden.SmartGarden.model.Garden> com.SmartGarden.SmartGarden.controller.GardenController.getWithUserId(int)
2018-09-09 01:16:52.348  INFO 1236 --- [main] s.w.s.m.m.a.RequestMappingHandlerMapping : Mapped "{[/garden/getByGardenId],methods=[GET]}" onto public com.SmartGarden.SmartGarden.model.Garden com.SmartGarden.SmartGarden.controller.GardenController.getWithGardenId(int)
2018-09-09 01:16:52.355  INFO 1236 --- [main] s.w.s.m.m.a.RequestMappingHandlerMapping : Mapped "{[/garden/deleteByUserId],methods=[POST]}" onto public boolean com.SmartGarden.SmartGarden.controller.GardenController.deleteByUserId(int)
2018-09-09 01:16:52.358  INFO 1236 --- [main] s.w.s.m.m.a.RequestMappingHandlerMapping : Mapped "{[/garden/updateGarden],methods=[POST]}" onto public boolean com.SmartGarden.SmartGarden.controller.GardenController.updateGarden(com.SmartGarden.SmartGarden.model.Garden)
2018-09-09 01:16:52.360  INFO 1236 --- [main] s.w.s.m.m.a.RequestMappingHandlerMapping : Mapped "{[/garden/deleteByGardenId],methods=[POST]}" onto public boolean com.SmartGarden.SmartGarden.controller.GardenController.deleteByGardenId(int)
2018-09-09 01:16:52.375  INFO 1236 --- [main] s.w.s.m.m.a.RequestMappingHandlerMapping : Mapped "{[/humidity/getLast15HumiDataBySensorId],methods=[GET]}" onto public java.util.List<com.SmartGarden.SmartGarden.model.HumiData> com.SmartGarden.SmartGarden.controller.HumiDataController.getLast15HumiDataBySensorId(int)
2018-09-09 01:16:52.378  INFO 1236 --- [main] s.w.s.m.m.a.RequestMappingHandlerMapping : Mapped "{[/humidity/getLastHumiDataByGardenId],methods=[GET]}" onto public java.util.List<com.SmartGarden.SmartGarden.model.HumiData> com.SmartGarden.SmartGarden.controller.HumiDataController.getLastHumiDataByGardenId(int)
2018-09-09 01:16:52.380  INFO 1236 --- [main] s.w.s.m.m.a.RequestMappingHandlerMapping : Mapped "{[/humidity/getLast20HumiDataBySensorId],methods=[GET]}" onto public java.util.List<com.SmartGarden.SmartGarden.model.HumiData> com.SmartGarden.SmartGarden.controller.HumiDataController.getLast20HumiDataBySensorId(int)
2018-09-09 01:16:52.382  INFO 1236 --- [main] s.w.s.m.m.a.RequestMappingHandlerMapping : Mapped "{[/humidity/deleteByHumiDataId],methods=[POST]}" onto public boolean com.SmartGarden.SmartGarden.controller.HumiDataController.deleteHumiData(int)
2018-09-09 01:16:52.385  INFO 1236 --- [main] s.w.s.m.m.a.RequestMappingHandlerMapping : Mapped "{[/humidity/addHumiDataWithSensorId],methods=[POST]}" onto public boolean com.SmartGarden.SmartGarden.controller.HumiDataController.addHumiData(com.SmartGarden.SmartGarden.model.HumiData,int)
2018-09-09 01:16:52.410  INFO 1236 --- [main] s.w.s.m.m.a.RequestMappingHandlerMapping : Mapped "{[/nozzles/addNozzleByGardenId],methods=[POST]}" onto public com.SmartGarden.SmartGarden.model.Nozzle com.SmartGarden.SmartGarden.controller.NozzleController.addNozzleWithGardenId(com.SmartGarden.SmartGarden.model.Nozzle,int)
2018-09-09 01:16:52.413  INFO 1236 --- [main] s.w.s.m.m.a.RequestMappingHandlerMapping : Mapped "{[/nozzles/getNozzleByGardenId],methods=[GET]}" onto public java.util.List<com.SmartGarden.SmartGarden.model.Nozzle> com.SmartGarden.SmartGarden.controller.NozzleController.getNozzleByGardenId(int)
2018-09-09 01:16:52.415  INFO 1236 --- [main] s.w.s.m.m.a.RequestMappingHandlerMapping : Mapped "{[/nozzles/getNozzleByNozzleId],methods=[GET]}" onto public com.SmartGarden.SmartGarden.model.Nozzle com.SmartGarden.SmartGarden.controller.NozzleController.getNozzleByNozzleId(int)
2018-09-09 01:16:52.447  INFO 1236 --- [main] s.w.s.m.m.a.RequestMappingHandlerMapping : Mapped "{[/nozzles/modifyPositionByNozzleId],methods=[POST]}" onto public boolean com.SmartGarden.SmartGarden.controller.NozzleController.modifyPosition(int,java.lang.Double,java.lang.Double)
2018-09-09 01:16:52.454  INFO 1236 --- [main] s.w.s.m.m.a.RequestMappingHandlerMapping : Mapped "{[/nozzles/deleteNozzleByNozzleId],methods=[POST]}" onto public boolean com.SmartGarden.SmartGarden.controller.NozzleController.deleteByNozzleId(int)
2018-09-09 01:16:52.458  INFO 1236 --- [main] s.w.s.m.m.a.RequestMappingHandlerMapping : Mapped "{[/nozzles/modifyRadiusByNozzleId],methods=[POST]}" onto public boolean com.SmartGarden.SmartGarden.controller.NozzleController.modifyRadius(int,java.lang.Double)
2018-09-09 01:16:52.465  INFO 1236 --- [main] s.w.s.m.m.a.RequestMappingHandlerMapping : Mapped "{[/nozzles/modifyStateByNozzleId],methods=[POST]}" onto public boolean com.SmartGarden.SmartGarden.controller.NozzleController.modifyState(int,int)
2018-09-09 01:16:52.741  INFO 1236 --- [main] s.w.s.m.m.a.RequestMappingHandlerMapping : Mapped "{[/sensors/getHumiSensorByGardenId],methods=[GET]}" onto public java.util.List<com.SmartGarden.SmartGarden.model.Sensor> com.SmartGarden.SmartGarden.controller.SensorController.getHumiSensorByGardenId(int)
2018-09-09 01:16:52.744  INFO 1236 --- [main] s.w.s.m.m.a.RequestMappingHandlerMapping : Mapped "{[/sensors/addSensorWithGardenId],methods=[POST]}" onto public boolean com.SmartGarden.SmartGarden.controller.SensorController.addSensorWithGardenId(com.SmartGarden.SmartGarden.model.Sensor,int)
2018-09-09 01:16:52.747  INFO 1236 --- [main] s.w.s.m.m.a.RequestMappingHandlerMapping : Mapped "{[/sensors/modifySensorState],methods=[POST]}" onto public boolean com.SmartGarden.SmartGarden.controller.SensorController.modifySensorState(int,int)
2018-09-09 01:16:52.754  INFO 1236 --- [main] s.w.s.m.m.a.RequestMappingHandlerMapping : Mapped "{[/sensors/getTempSensorByGardenId],methods=[GET]}" onto public java.util.List<com.SmartGarden.SmartGarden.model.Sensor> com.SmartGarden.SmartGarden.controller.SensorController.getTempSensorByGardenId(int)
2018-09-09 01:16:52.756  INFO 1236 --- [main] s.w.s.m.m.a.RequestMappingHandlerMapping : Mapped "{[/sensors/updateSensorBySensorId],methods=[POST]}" onto public boolean com.SmartGarden.SmartGarden.controller.SensorController.updateSensorBySensorId(com.SmartGarden.SmartGarden.model.Sensor)
2018-09-09 01:16:52.761  INFO 1236 --- [main] s.w.s.m.m.a.RequestMappingHandlerMapping : Mapped "{[/sensors/deleteSensorBySensorId],methods=[POST]}" onto public boolean com.SmartGarden.SmartGarden.controller.SensorController.deleteSensorBySensorId(int)
2018-09-09 01:16:52.763  INFO 1236 --- [main] s.w.s.m.m.a.RequestMappingHandlerMapping : Mapped "{[/sensors/getSensorByGardenId],methods=[GET]}" onto public java.util.List<com.SmartGarden.SmartGarden.model.Sensor> com.SmartGarden.SmartGarden.controller.SensorController.getSensorByGardenId(int)
2018-09-09 01:16:52.794  INFO 1236 --- [main] s.w.s.m.m.a.RequestMappingHandlerMapping : Mapped "{[/sensors/getSensorBySensorId],methods=[GET]}" onto public com.SmartGarden.SmartGarden.model.Sensor com.SmartGarden.SmartGarden.controller.SensorController.getSensorBySensorId(int)
2018-09-09 01:16:52.799  INFO 1236 --- [main] s.w.s.m.m.a.RequestMappingHandlerMapping : Mapped "{[/sensors/getSensorNumberByGardenId],methods=[GET]}" onto public int com.SmartGarden.SmartGarden.controller.SensorController.getSensorNumberByGardenId(int)
2018-09-09 01:16:52.802  INFO 1236 --- [main] s.w.s.m.m.a.RequestMappingHandlerMapping : Mapped "{[/sensors/modifySensorPosition],methods=[POST]}" onto public boolean com.SmartGarden.SmartGarden.controller.SensorController.modifySensorPosition(int,java.lang.Double,java.lang.Double)
2018-09-09 01:16:52.804  INFO 1236 --- [main] s.w.s.m.m.a.RequestMappingHandlerMapping : Mapped "{[/sensors/getAllSensor],methods=[GET]}" onto public java.util.List<com.SmartGarden.SmartGarden.model.Sensor> com.SmartGarden.SmartGarden.controller.SensorController.getAllSensor()
2018-09-09 01:16:52.827  INFO 1236 --- [main] s.w.s.m.m.a.RequestMappingHandlerMapping : Mapped "{[/temperature/getLast20TempDataBySensorId],methods=[GET]}" onto public java.util.List<com.SmartGarden.SmartGarden.model.TempData> com.SmartGarden.SmartGarden.controller.TempDataController.getLast20TempDataBySensorId(int)
2018-09-09 01:16:52.829  INFO 1236 --- [main] s.w.s.m.m.a.RequestMappingHandlerMapping : Mapped "{[/temperature/getLastTempDataByGardenId],methods=[GET]}" onto public java.util.List<com.SmartGarden.SmartGarden.model.TempData> com.SmartGarden.SmartGarden.controller.TempDataController.getLastTempDataByGardenId(int)
2018-09-09 01:16:52.831  INFO 1236 --- [main] s.w.s.m.m.a.RequestMappingHandlerMapping : Mapped "{[/temperature/getLast15TempDataBySensorId],methods=[GET]}" onto public java.util.List<com.SmartGarden.SmartGarden.model.TempData> com.SmartGarden.SmartGarden.controller.TempDataController.getLast15TempDataBySensorId(int)
2018-09-09 01:16:52.842  INFO 1236 --- [main] s.w.s.m.m.a.RequestMappingHandlerMapping : Mapped "{[/temperature/deleteByTempDataId],methods=[POST]}" onto public boolean com.SmartGarden.SmartGarden.controller.TempDataController.deleteTempData(int)
2018-09-09 01:16:52.846  INFO 1236 --- [main] s.w.s.m.m.a.RequestMappingHandlerMapping : Mapped "{[/temperature/addTempDataWithSensorId],methods=[POST]}" onto public boolean com.SmartGarden.SmartGarden.controller.TempDataController.addTempData(com.SmartGarden.SmartGarden.model.TempData,int)
2018-09-09 01:16:52.889  INFO 1236 --- [main] s.w.s.m.m.a.RequestMappingHandlerMapping : Mapped "{[/users/addUser],methods=[POST]}" onto public com.SmartGarden.SmartGarden.model.User com.SmartGarden.SmartGarden.controller.UserController.addUser(com.SmartGarden.SmartGarden.model.User)
2018-09-09 01:16:52.896  INFO 1236 --- [main] s.w.s.m.m.a.RequestMappingHandlerMapping : Mapped "{[/users/activeUserWithUserId],methods=[POST]}" onto public boolean com.SmartGarden.SmartGarden.controller.UserController.activeUserWithUserId(int)
2018-09-09 01:16:52.898  INFO 1236 --- [main] s.w.s.m.m.a.RequestMappingHandlerMapping : Mapped "{[/users/deleteByUserId],methods=[POST]}" onto public boolean com.SmartGarden.SmartGarden.controller.UserController.deleteByUserId(int)
2018-09-09 01:16:52.904  INFO 1236 --- [main] s.w.s.m.m.a.RequestMappingHandlerMapping : Mapped "{[/users/modifyUserState],methods=[POST]}" onto public com.SmartGarden.SmartGarden.model.User com.SmartGarden.SmartGarden.controller.UserController.modifyUserState(int,int)
2018-09-09 01:16:52.905  INFO 1236 --- [main] s.w.s.m.m.a.RequestMappingHandlerMapping : Mapped "{[/users/modifyPhone],methods=[POST]}" onto public com.SmartGarden.SmartGarden.model.User com.SmartGarden.SmartGarden.controller.UserController.modifyPhone(int,java.lang.String)
2018-09-09 01:16:52.912  INFO 1236 --- [main] s.w.s.m.m.a.RequestMappingHandlerMapping : Mapped "{[/users/getAllUser],methods=[GET]}" onto public java.util.List<com.SmartGarden.SmartGarden.model.User> com.SmartGarden.SmartGarden.controller.UserController.getAllUser()
2018-09-09 01:16:52.913  INFO 1236 --- [main] s.w.s.m.m.a.RequestMappingHandlerMapping : Mapped "{[/users/loginWithUserId],methods=[GET]}" onto public com.SmartGarden.SmartGarden.model.User com.SmartGarden.SmartGarden.controller.UserController.login(int,java.lang.String)
2018-09-09 01:16:52.921  INFO 1236 --- [main] s.w.s.m.m.a.RequestMappingHandlerMapping : Mapped "{[/users/modifyEmail],methods=[POST]}" onto public com.SmartGarden.SmartGarden.model.User com.SmartGarden.SmartGarden.controller.UserController.modifyEmail(int,java.lang.String)
2018-09-09 01:16:52.925  INFO 1236 --- [main] s.w.s.m.m.a.RequestMappingHandlerMapping : Mapped "{[/users/modifyUsername],methods=[POST]}" onto public com.SmartGarden.SmartGarden.model.User com.SmartGarden.SmartGarden.controller.UserController.modifyUsername(int,java.lang.String)
2018-09-09 01:16:52.927  INFO 1236 --- [main] s.w.s.m.m.a.RequestMappingHandlerMapping : Mapped "{[/users/updateUser],methods=[POST]}" onto public boolean com.SmartGarden.SmartGarden.controller.UserController.updateUser(com.SmartGarden.SmartGarden.model.User)
2018-09-09 01:16:52.929  INFO 1236 --- [main] s.w.s.m.m.a.RequestMappingHandlerMapping : Mapped "{[/users/modifyPassword],methods=[POST]}" onto public com.SmartGarden.SmartGarden.model.User com.SmartGarden.SmartGarden.controller.UserController.modifyPassword(int,java.lang.String)
2018-09-09 01:16:52.932  INFO 1236 --- [main] s.w.s.m.m.a.RequestMappingHandlerMapping : Mapped "{[/users/loginWithEmail],methods=[GET]}" onto public com.SmartGarden.SmartGarden.model.User com.SmartGarden.SmartGarden.controller.UserController.loginWithEmail(java.lang.String,java.lang.String)
2018-09-09 01:16:53.033  INFO 1236 --- [main] s.w.s.m.m.a.RequestMappingHandlerMapping : Mapped "{[/users/modifyUserType],methods=[POST]}" onto public com.SmartGarden.SmartGarden.model.User com.SmartGarden.SmartGarden.controller.UserController.modifyUserType(int,int)
2018-09-09 01:16:53.527  INFO 1236 --- [main] s.w.s.m.m.a.RequestMappingHandlerMapping : Mapped "{[/waterConfig/changeConfigState],methods=[POST]}" onto public boolean com.SmartGarden.SmartGarden.controller.WaterConfigController.changeConfigState(int)
2018-09-09 01:16:53.533  INFO 1236 --- [main] s.w.s.m.m.a.RequestMappingHandlerMapping : Mapped "{[/waterConfig/getConfigByGardenId],methods=[GET]}" onto public java.util.List<com.SmartGarden.SmartGarden.model.WateringConfig> com.SmartGarden.SmartGarden.controller.WaterConfigController.getConfigByGardenId(int)
2018-09-09 01:16:53.536  INFO 1236 --- [main] s.w.s.m.m.a.RequestMappingHandlerMapping : Mapped "{[/waterConfig/deleteByGardenId],methods=[POST]}" onto public boolean com.SmartGarden.SmartGarden.controller.WaterConfigController.deleteByGardenId(int)
2018-09-09 01:16:53.542  INFO 1236 --- [main] s.w.s.m.m.a.RequestMappingHandlerMapping : Mapped "{[/waterConfig/getAllConfig],methods=[GET]}" onto public java.util.List<com.SmartGarden.SmartGarden.model.WateringConfig> com.SmartGarden.SmartGarden.controller.WaterConfigController.getAllConfig()
2018-09-09 01:16:53.545  INFO 1236 --- [main] s.w.s.m.m.a.RequestMappingHandlerMapping : Mapped "{[/waterConfig/runAutoWatering],methods=[POST]}" onto public void com.SmartGarden.SmartGarden.controller.WaterConfigController.runAutoWatering()
2018-09-09 01:16:53.547  INFO 1236 --- [main] s.w.s.m.m.a.RequestMappingHandlerMapping : Mapped "{[/waterConfig/deleteByConfigId],methods=[POST]}" onto public boolean com.SmartGarden.SmartGarden.controller.WaterConfigController.deleteConfig(int)
2018-09-09 01:16:53.549  INFO 1236 --- [main] s.w.s.m.m.a.RequestMappingHandlerMapping : Mapped "{[/waterConfig/changeHumiConfig],methods=[POST]}" onto public boolean com.SmartGarden.SmartGarden.controller.WaterConfigController.changeHumiConfig(int,java.lang.Double,java.lang.Double)
2018-09-09 01:16:53.551  INFO 1236 --- [main] s.w.s.m.m.a.RequestMappingHandlerMapping : Mapped "{[/waterConfig/addConfigByGardenId],methods=[POST]}" onto public com.SmartGarden.SmartGarden.model.WateringConfig com.SmartGarden.SmartGarden.controller.WaterConfigController.addConfig(com.SmartGarden.SmartGarden.model.WateringConfig,int)
2018-09-09 01:16:53.552  INFO 1236 --- [main] s.w.s.m.m.a.RequestMappingHandlerMapping : Mapped "{[/waterConfig/updateConfig],methods=[POST]}" onto public boolean com.SmartGarden.SmartGarden.controller.WaterConfigController.updateConfig(com.SmartGarden.SmartGarden.model.WateringConfig)
2018-09-09 01:16:53.597  INFO 1236 --- [main] s.w.s.m.m.a.RequestMappingHandlerMapping : Mapped "{[/waterConfig/changeTempConfig],methods=[POST]}" onto public boolean com.SmartGarden.SmartGarden.controller.WaterConfigController.changeTempConfig(int,java.lang.Double,java.lang.Double)
2018-09-09 01:16:53.643  INFO 1236 --- [main] s.w.s.m.m.a.RequestMappingHandlerMapping : Mapped "{[/error]}" onto public org.springframework.http.ResponseEntity<java.util.Map<java.lang.String, java.lang.Object>> org.springframework.boot.autoconfigure.web.servlet.error.BasicErrorController.error(javax.servlet.http.HttpServletRequest)
2018-09-09 01:16:53.646  INFO 1236 --- [main] s.w.s.m.m.a.RequestMappingHandlerMapping : Mapped "{[/error],produces=[text/html]}" onto public org.springframework.web.servlet.ModelAndView org.springframework.boot.autoconfigure.web.servlet.error.BasicErrorController.errorHtml(javax.servlet.http.HttpServletRequest,javax.servlet.http.HttpServletResponse)
2018-09-09 01:16:54.418  INFO 1236 --- [main] o.s.w.s.handler.SimpleUrlHandlerMapping  : Mapped URL path [/webjars/**] onto handler of type [class org.springframework.web.servlet.resource.ResourceHttpRequestHandler]
2018-09-09 01:16:54.419  INFO 1236 --- [main] o.s.w.s.handler.SimpleUrlHandlerMapping  : Mapped URL path [/**] onto handler of type [class org.springframework.web.servlet.resource.ResourceHttpRequestHandler]
2018-09-09 01:16:59.286  INFO 1236 --- [main] o.s.j.e.a.AnnotationMBeanExporter        : Registering beans for JMX exposure on startup
2018-09-09 01:16:59.304  INFO 1236 --- [main] o.s.j.e.a.AnnotationMBeanExporter        : Bean with name 'dataSource' has been autodetected for JMX exposure
2018-09-09 01:16:59.349  INFO 1236 --- [main] o.s.j.e.a.AnnotationMBeanExporter        : Located MBean 'dataSource': registering with JMX server as MBean [com.zaxxer.hikari:name=dataSource,type=HikariDataSource]
2018-09-09 01:17:01.092  INFO 1236 --- [main] o.s.b.w.embedded.tomcat.TomcatWebServer  : Tomcat started on port(s): 8080 (http) with context path ''
2018-09-09 01:17:01.117  INFO 1236 --- [main] c.S.SmartGarden.SmartGardenApplication   : Started SmartGardenApplication in 58.129 seconds (JVM running for 67.034)
2018-09-09 01:17:01.140  INFO 1236 --- [main] c.S.SmartGarden.SmartGardenApplication   : SpringBoot
2018-09-09 01:20:57.270  INFO 1236 --- [http-nio-8080-exec-10] o.a.c.c.C.[Tomcat].[localhost].[/]       : Initializing Spring FrameworkServlet 'dispatcherServlet'
2018-09-09 01:20:57.271  INFO 1236 --- [http-nio-8080-exec-10] o.s.web.servlet.DispatcherServlet        : FrameworkServlet 'dispatcherServlet': initialization started
2018-09-09 01:20:57.677  INFO 1236 --- [http-nio-8080-exec-10] o.s.web.servlet.DispatcherServlet        : FrameworkServlet 'dispatcherServlet': initialization completed in 405 ms
2018-09-09 13:16:11.057  WARN 1236 --- [HikariPool-1 housekeeper] com.zaxxer.hikari.pool.HikariPool        : HikariPool-1 - Thread starvation or clock leap detected (housekeeper delta=58m18s98ms953s529ns).
2018-09-09 15:21:57.488  INFO 12004 --- [main] c.S.SmartGarden.SmartGardenApplication   : Starting SmartGardenApplication on DESKTOP-FNGNCQ9 with PID 12004 (F:\Github\Smart-Garden\code\backend\SmartGarden\target\classes started by 17370 in F:\Github\Smart-Garden\code\backend\SmartGarden)
2018-09-09 15:21:57.498 DEBUG 12004 --- [main] c.S.SmartGarden.SmartGardenApplication   : Running with Spring Boot v2.0.3.RELEASE, Spring v5.0.7.RELEASE
2018-09-09 15:21:57.505  INFO 12004 --- [main] c.S.SmartGarden.SmartGardenApplication   : No active profile set, falling back to default profiles: default
2018-09-09 15:21:58.011  INFO 12004 --- [main] ConfigServletWebServerApplicationContext : Refreshing org.springframework.boot.web.servlet.context.AnnotationConfigServletWebServerApplicationContext@2a3b5b47: startup date [Sun Sep 09 15:21:58 CST 2018]; root of context hierarchy
2018-09-09 15:22:04.883  INFO 12004 --- [main] trationDelegate$BeanPostProcessorChecker : Bean 'org.springframework.transaction.annotation.ProxyTransactionManagementConfiguration' of type [org.springframework.transaction.annotation.ProxyTransactionManagementConfiguration$$EnhancerBySpringCGLIB$$4224fa7c] is not eligible for getting processed by all BeanPostProcessors (for example: not eligible for auto-proxying)
2018-09-09 15:22:06.099  INFO 12004 --- [main] o.s.b.w.embedded.tomcat.TomcatWebServer  : Tomcat initialized with port(s): 8080 (http)
2018-09-09 15:22:06.213  INFO 12004 --- [main] o.apache.catalina.core.StandardService   : Starting service [Tomcat]
2018-09-09 15:22:06.214  INFO 12004 --- [main] org.apache.catalina.core.StandardEngine  : Starting Servlet Engine: Apache Tomcat/8.5.31
2018-09-09 15:22:06.234  INFO 12004 --- [localhost-startStop-1] o.a.catalina.core.AprLifecycleListener   : The APR based Apache Tomcat Native library which allows optimal performance in production environments was not found on the java.library.path: [C:\Program Files\Java\jdk1.8.0_121\bin;C:\WINDOWS\Sun\Java\bin;C:\WINDOWS\system32;C:\WINDOWS;C:\Program Files\HPE\NV\lib\shunra\vcat;C:\Program Files (x86)\Common Files\Oracle\Java\javapath;C:\Windows\system32;C:\Windows;C:\Windows\System32\Wbem;C:\Windows\System32\WindowsPowerShell\v1.0\;C:\Program Files\Microsoft SQL Server\130\Tools\Binn\;C:\MinGW\bin;C:\Program Files (x86)\mingw-w64\i686-6.2.0-posix-dwarf-rt_v5-rev1\mingw32\bin;C:\Program Files\Java\jdk1.8.0_121\bin;C:\Program Files (x86)\NVIDIA Corporation\PhysX\Common;C:\Program Files (x86)\GtkSharp\2.12\bin;C:\WINDOWS\system32;C:\WINDOWS;C:\WINDOWS\System32\Wbem;C:\WINDOWS\System32\WindowsPowerShell\v1.0\;C:\Python27;C:\Users\17370\AppData\Local\Programs\Python\Python36;C:\Users\17370\AppData\Local\Programs\Python\Python36\Scripts;C:\Program Files\Git\cmd;C:\Program Files (x86)\Yarn\bin;C:\Program Files\nodejs\;C:\Program Files\Microsoft\Web Platform Installer\;C:\Program Files\MySQL\MySQL Utilities 1.6\;"E:\software\apache-tomcat-9.0.6\bin;E:\software\apache-tomcat-9.0.6\lib";E:\software\apache-maven-3.5.3\bin\;C:\WINDOWS\System32\OpenSSH\;E:\software\HPE\strawberry-perl\perl\bin;;E:\software\Microsoft VS Code\bin;E:\software\Putty\;C:\Users\17370\AppData\Local\Programs\Python\Python35-32\Scripts\;C:\Users\17370\AppData\Local\Programs\Python\Python35-32\;C:\Program Files\Java\jdk1.8.0_121\jre\bin;C:\Users\17370\AppData\Local\Microsoft\WindowsApps;C:\Python27;E:\software\vs2015\VC\bin;E:\software\vs2015\Common7\IDE;E:\software\vs2015\Common7\Tools;E:\software\vs2015\VC\bin\amd64;C:\Users\17370\AppData\Local\Yarn\bin;C:\Users\17370\AppData\Roaming\npm;E:\software\Microsoft VS Code\bin;C:\Gradle\gradle-4.6\bin;E:\software\Mongodb\bin;C:\Users\17370\AppData\Local\GitHubDesktop\bin;E:\software\Genymotion\tools;;.]
2018-09-09 15:22:06.812  INFO 12004 --- [localhost-startStop-1] o.a.c.c.C.[Tomcat].[localhost].[/]       : Initializing Spring embedded WebApplicationContext
2018-09-09 15:22:06.813  INFO 12004 --- [localhost-startStop-1] o.s.web.context.ContextLoader            : Root WebApplicationContext: initialization completed in 8803 ms
2018-09-09 15:22:07.413  INFO 12004 --- [localhost-startStop-1] o.s.b.w.servlet.ServletRegistrationBean  : Servlet dispatcherServlet mapped to [/]
2018-09-09 15:22:07.429  INFO 12004 --- [localhost-startStop-1] o.s.b.w.servlet.FilterRegistrationBean   : Mapping filter: 'CORSConfiguration' to: [/*]
2018-09-09 15:22:07.430  INFO 12004 --- [localhost-startStop-1] o.s.b.w.servlet.FilterRegistrationBean   : Mapping filter: 'characterEncodingFilter' to: [/*]
2018-09-09 15:22:07.431  INFO 12004 --- [localhost-startStop-1] o.s.b.w.servlet.FilterRegistrationBean   : Mapping filter: 'hiddenHttpMethodFilter' to: [/*]
2018-09-09 15:22:07.432  INFO 12004 --- [localhost-startStop-1] o.s.b.w.servlet.FilterRegistrationBean   : Mapping filter: 'httpPutFormContentFilter' to: [/*]
2018-09-09 15:22:07.433  INFO 12004 --- [localhost-startStop-1] o.s.b.w.servlet.FilterRegistrationBean   : Mapping filter: 'requestContextFilter' to: [/*]
2018-09-09 15:22:08.096  INFO 12004 --- [main] com.zaxxer.hikari.HikariDataSource       : HikariPool-1 - Starting...
2018-09-09 15:22:08.816  INFO 12004 --- [main] com.zaxxer.hikari.HikariDataSource       : HikariPool-1 - Start completed.
2018-09-09 15:22:09.252  INFO 12004 --- [main] j.LocalContainerEntityManagerFactoryBean : Building JPA container EntityManagerFactory for persistence unit 'default'
2018-09-09 15:22:13.938  INFO 12004 --- [main] j.LocalContainerEntityManagerFactoryBean : Initialized JPA EntityManagerFactory for persistence unit 'default'
2018-09-09 15:22:16.347  INFO 12004 --- [main] o.s.w.s.handler.SimpleUrlHandlerMapping  : Mapped URL path [/**/favicon.ico] onto handler of type [class org.springframework.web.servlet.resource.ResourceHttpRequestHandler]
2018-09-09 15:22:17.296  INFO 12004 --- [main] s.w.s.m.m.a.RequestMappingHandlerAdapter : Looking for @ControllerAdvice: org.springframework.boot.web.servlet.context.AnnotationConfigServletWebServerApplicationContext@2a3b5b47: startup date [Sun Sep 09 15:21:58 CST 2018]; root of context hierarchy
2018-09-09 15:22:17.391  WARN 12004 --- [main] aWebConfiguration$JpaWebMvcConfiguration : spring.jpa.open-in-view is enabled by default. Therefore, database queries may be performed during view rendering. Explicitly configure spring.jpa.open-in-view to disable this warning
2018-09-09 15:22:17.500  INFO 12004 --- [main] s.w.s.m.m.a.RequestMappingHandlerMapping : Mapped "{[/email/sendEmail],methods=[GET]}" onto public int com.SmartGarden.SmartGarden.controller.EmailController.sendEmail(java.lang.String)
2018-09-09 15:22:17.510  INFO 12004 --- [main] s.w.s.m.m.a.RequestMappingHandlerMapping : Mapped "{[/fakeData/generateDataWithGardenId],methods=[GET]}" onto public void com.SmartGarden.SmartGarden.controller.FakeDataController.generateDataWithGardenId(int)
2018-09-09 15:22:17.512  INFO 12004 --- [main] s.w.s.m.m.a.RequestMappingHandlerMapping : Mapped "{[/fakeData/generateDataWithSensorId],methods=[GET]}" onto public void com.SmartGarden.SmartGarden.controller.FakeDataController.generateDataWithSensorId(int)
2018-09-09 15:22:17.517  INFO 12004 --- [main] s.w.s.m.m.a.RequestMappingHandlerMapping : Mapped "{[/fakeData/generateAll],methods=[GET]}" onto public void com.SmartGarden.SmartGarden.controller.FakeDataController.generateAll() throws java.lang.InterruptedException
2018-09-09 15:22:17.519  INFO 12004 --- [main] s.w.s.m.m.a.RequestMappingHandlerMapping : Mapped "{[/fakeData/generateData],methods=[GET]}" onto public void com.SmartGarden.SmartGarden.controller.FakeDataController.generateData()
2018-09-09 15:22:17.544  INFO 12004 --- [main] s.w.s.m.m.a.RequestMappingHandlerMapping : Mapped "{[/garden/getGardenNumberByUserId],methods=[GET]}" onto public int com.SmartGarden.SmartGarden.controller.GardenController.getGardenNumberByUserId(int)
2018-09-09 15:22:17.551  INFO 12004 --- [main] s.w.s.m.m.a.RequestMappingHandlerMapping : Mapped "{[/garden/addGardenWithUserId],methods=[POST]}" onto public com.SmartGarden.SmartGarden.model.Garden com.SmartGarden.SmartGarden.controller.GardenController.addGardenWithUserId(com.SmartGarden.SmartGarden.model.Garden,int)
2018-09-09 15:22:17.553  INFO 12004 --- [main] s.w.s.m.m.a.RequestMappingHandlerMapping : Mapped "{[/garden/deleteByGardenId],methods=[POST]}" onto public boolean com.SmartGarden.SmartGarden.controller.GardenController.deleteByGardenId(int)
2018-09-09 15:22:17.556  INFO 12004 --- [main] s.w.s.m.m.a.RequestMappingHandlerMapping : Mapped "{[/garden/deleteByUserId],methods=[POST]}" onto public boolean com.SmartGarden.SmartGarden.controller.GardenController.deleteByUserId(int)
2018-09-09 15:22:17.564  INFO 12004 --- [main] s.w.s.m.m.a.RequestMappingHandlerMapping : Mapped "{[/garden/getByGardenId],methods=[GET]}" onto public com.SmartGarden.SmartGarden.model.Garden com.SmartGarden.SmartGarden.controller.GardenController.getWithGardenId(int)
2018-09-09 15:22:17.566  INFO 12004 --- [main] s.w.s.m.m.a.RequestMappingHandlerMapping : Mapped "{[/garden/getByUserId],methods=[GET]}" onto public java.util.List<com.SmartGarden.SmartGarden.model.Garden> com.SmartGarden.SmartGarden.controller.GardenController.getWithUserId(int)
2018-09-09 15:22:17.567  INFO 12004 --- [main] s.w.s.m.m.a.RequestMappingHandlerMapping : Mapped "{[/garden/updateGarden],methods=[POST]}" onto public boolean com.SmartGarden.SmartGarden.controller.GardenController.updateGarden(com.SmartGarden.SmartGarden.model.Garden)
2018-09-09 15:22:17.577  INFO 12004 --- [main] s.w.s.m.m.a.RequestMappingHandlerMapping : Mapped "{[/humidity/getLast20HumiDataBySensorId],methods=[GET]}" onto public java.util.List<com.SmartGarden.SmartGarden.model.HumiData> com.SmartGarden.SmartGarden.controller.HumiDataController.getLast20HumiDataBySensorId(int)
2018-09-09 15:22:17.581  INFO 12004 --- [main] s.w.s.m.m.a.RequestMappingHandlerMapping : Mapped "{[/humidity/getLast15HumiDataBySensorId],methods=[GET]}" onto public java.util.List<com.SmartGarden.SmartGarden.model.HumiData> com.SmartGarden.SmartGarden.controller.HumiDataController.getLast15HumiDataBySensorId(int)
2018-09-09 15:22:17.583  INFO 12004 --- [main] s.w.s.m.m.a.RequestMappingHandlerMapping : Mapped "{[/humidity/getLastHumiDataByGardenId],methods=[GET]}" onto public java.util.List<com.SmartGarden.SmartGarden.model.HumiData> com.SmartGarden.SmartGarden.controller.HumiDataController.getLastHumiDataByGardenId(int)
2018-09-09 15:22:17.584  INFO 12004 --- [main] s.w.s.m.m.a.RequestMappingHandlerMapping : Mapped "{[/humidity/addHumiDataWithSensorId],methods=[POST]}" onto public boolean com.SmartGarden.SmartGarden.controller.HumiDataController.addHumiData(com.SmartGarden.SmartGarden.model.HumiData,int)
2018-09-09 15:22:17.585  INFO 12004 --- [main] s.w.s.m.m.a.RequestMappingHandlerMapping : Mapped "{[/humidity/deleteByHumiDataId],methods=[POST]}" onto public boolean com.SmartGarden.SmartGarden.controller.HumiDataController.deleteHumiData(int)
2018-09-09 15:22:17.593  INFO 12004 --- [main] s.w.s.m.m.a.RequestMappingHandlerMapping : Mapped "{[/nozzles/getNozzleByNozzleId],methods=[GET]}" onto public com.SmartGarden.SmartGarden.model.Nozzle com.SmartGarden.SmartGarden.controller.NozzleController.getNozzleByNozzleId(int)
2018-09-09 15:22:17.595  INFO 12004 --- [main] s.w.s.m.m.a.RequestMappingHandlerMapping : Mapped "{[/nozzles/getNozzleByGardenId],methods=[GET]}" onto public java.util.List<com.SmartGarden.SmartGarden.model.Nozzle> com.SmartGarden.SmartGarden.controller.NozzleController.getNozzleByGardenId(int)
2018-09-09 15:22:17.595  INFO 12004 --- [main] s.w.s.m.m.a.RequestMappingHandlerMapping : Mapped "{[/nozzles/addNozzleByGardenId],methods=[POST]}" onto public com.SmartGarden.SmartGarden.model.Nozzle com.SmartGarden.SmartGarden.controller.NozzleController.addNozzleWithGardenId(com.SmartGarden.SmartGarden.model.Nozzle,int)
2018-09-09 15:22:17.596  INFO 12004 --- [main] s.w.s.m.m.a.RequestMappingHandlerMapping : Mapped "{[/nozzles/deleteNozzleByNozzleId],methods=[POST]}" onto public boolean com.SmartGarden.SmartGarden.controller.NozzleController.deleteByNozzleId(int)
2018-09-09 15:22:17.597  INFO 12004 --- [main] s.w.s.m.m.a.RequestMappingHandlerMapping : Mapped "{[/nozzles/modifyRadiusByNozzleId],methods=[POST]}" onto public boolean com.SmartGarden.SmartGarden.controller.NozzleController.modifyRadius(int,java.lang.Double)
2018-09-09 15:22:17.598  INFO 12004 --- [main] s.w.s.m.m.a.RequestMappingHandlerMapping : Mapped "{[/nozzles/modifyPositionByNozzleId],methods=[POST]}" onto public boolean com.SmartGarden.SmartGarden.controller.NozzleController.modifyPosition(int,java.lang.Double,java.lang.Double)
2018-09-09 15:22:17.599  INFO 12004 --- [main] s.w.s.m.m.a.RequestMappingHandlerMapping : Mapped "{[/nozzles/modifyStateByNozzleId],methods=[POST]}" onto public boolean com.SmartGarden.SmartGarden.controller.NozzleController.modifyState(int,int)
2018-09-09 15:22:17.630  INFO 12004 --- [main] s.w.s.m.m.a.RequestMappingHandlerMapping : Mapped "{[/sensors/getSensorBySensorId],methods=[GET]}" onto public com.SmartGarden.SmartGarden.model.Sensor com.SmartGarden.SmartGarden.controller.SensorController.getSensorBySensorId(int)
2018-09-09 15:22:17.631  INFO 12004 --- [main] s.w.s.m.m.a.RequestMappingHandlerMapping : Mapped "{[/sensors/getHumiSensorByGardenId],methods=[GET]}" onto public java.util.List<com.SmartGarden.SmartGarden.model.Sensor> com.SmartGarden.SmartGarden.controller.SensorController.getHumiSensorByGardenId(int)
2018-09-09 15:22:17.633  INFO 12004 --- [main] s.w.s.m.m.a.RequestMappingHandlerMapping : Mapped "{[/sensors/getTempSensorByGardenId],methods=[GET]}" onto public java.util.List<com.SmartGarden.SmartGarden.model.Sensor> com.SmartGarden.SmartGarden.controller.SensorController.getTempSensorByGardenId(int)
2018-09-09 15:22:17.634  INFO 12004 --- [main] s.w.s.m.m.a.RequestMappingHandlerMapping : Mapped "{[/sensors/addSensorWithGardenId],methods=[POST]}" onto public boolean com.SmartGarden.SmartGarden.controller.SensorController.addSensorWithGardenId(com.SmartGarden.SmartGarden.model.Sensor,int)
2018-09-09 15:22:17.636  INFO 12004 --- [main] s.w.s.m.m.a.RequestMappingHandlerMapping : Mapped "{[/sensors/updateSensorBySensorId],methods=[POST]}" onto public boolean com.SmartGarden.SmartGarden.controller.SensorController.updateSensorBySensorId(com.SmartGarden.SmartGarden.model.Sensor)
2018-09-09 15:22:17.637  INFO 12004 --- [main] s.w.s.m.m.a.RequestMappingHandlerMapping : Mapped "{[/sensors/deleteSensorBySensorId],methods=[POST]}" onto public boolean com.SmartGarden.SmartGarden.controller.SensorController.deleteSensorBySensorId(int)
2018-09-09 15:22:17.639  INFO 12004 --- [main] s.w.s.m.m.a.RequestMappingHandlerMapping : Mapped "{[/sensors/getSensorByGardenId],methods=[GET]}" onto public java.util.List<com.SmartGarden.SmartGarden.model.Sensor> com.SmartGarden.SmartGarden.controller.SensorController.getSensorByGardenId(int)
2018-09-09 15:22:17.644  INFO 12004 --- [main] s.w.s.m.m.a.RequestMappingHandlerMapping : Mapped "{[/sensors/getSensorNumberByGardenId],methods=[GET]}" onto public int com.SmartGarden.SmartGarden.controller.SensorController.getSensorNumberByGardenId(int)
2018-09-09 15:22:17.646  INFO 12004 --- [main] s.w.s.m.m.a.RequestMappingHandlerMapping : Mapped "{[/sensors/modifySensorPosition],methods=[POST]}" onto public boolean com.SmartGarden.SmartGarden.controller.SensorController.modifySensorPosition(int,java.lang.Double,java.lang.Double)
2018-09-09 15:22:17.648  INFO 12004 --- [main] s.w.s.m.m.a.RequestMappingHandlerMapping : Mapped "{[/sensors/modifySensorState],methods=[POST]}" onto public boolean com.SmartGarden.SmartGarden.controller.SensorController.modifySensorState(int,int)
2018-09-09 15:22:17.650  INFO 12004 --- [main] s.w.s.m.m.a.RequestMappingHandlerMapping : Mapped "{[/sensors/getAllSensor],methods=[GET]}" onto public java.util.List<com.SmartGarden.SmartGarden.model.Sensor> com.SmartGarden.SmartGarden.controller.SensorController.getAllSensor()
2018-09-09 15:22:17.660  INFO 12004 --- [main] s.w.s.m.m.a.RequestMappingHandlerMapping : Mapped "{[/temperature/getLast20TempDataBySensorId],methods=[GET]}" onto public java.util.List<com.SmartGarden.SmartGarden.model.TempData> com.SmartGarden.SmartGarden.controller.TempDataController.getLast20TempDataBySensorId(int)
2018-09-09 15:22:17.662  INFO 12004 --- [main] s.w.s.m.m.a.RequestMappingHandlerMapping : Mapped "{[/temperature/getLast15TempDataBySensorId],methods=[GET]}" onto public java.util.List<com.SmartGarden.SmartGarden.model.TempData> com.SmartGarden.SmartGarden.controller.TempDataController.getLast15TempDataBySensorId(int)
2018-09-09 15:22:17.667  INFO 12004 --- [main] s.w.s.m.m.a.RequestMappingHandlerMapping : Mapped "{[/temperature/getLastTempDataByGardenId],methods=[GET]}" onto public java.util.List<com.SmartGarden.SmartGarden.model.TempData> com.SmartGarden.SmartGarden.controller.TempDataController.getLastTempDataByGardenId(int)
2018-09-09 15:22:17.669  INFO 12004 --- [main] s.w.s.m.m.a.RequestMappingHandlerMapping : Mapped "{[/temperature/deleteByTempDataId],methods=[POST]}" onto public boolean com.SmartGarden.SmartGarden.controller.TempDataController.deleteTempData(int)
2018-09-09 15:22:17.671  INFO 12004 --- [main] s.w.s.m.m.a.RequestMappingHandlerMapping : Mapped "{[/temperature/addTempDataWithSensorId],methods=[POST]}" onto public boolean com.SmartGarden.SmartGarden.controller.TempDataController.addTempData(com.SmartGarden.SmartGarden.model.TempData,int)
2018-09-09 15:22:17.690  INFO 12004 --- [main] s.w.s.m.m.a.RequestMappingHandlerMapping : Mapped "{[/users/activeUserWithUserId],methods=[POST]}" onto public boolean com.SmartGarden.SmartGarden.controller.UserController.activeUserWithUserId(int)
2018-09-09 15:22:17.692  INFO 12004 --- [main] s.w.s.m.m.a.RequestMappingHandlerMapping : Mapped "{[/users/addUser],methods=[POST]}" onto public com.SmartGarden.SmartGarden.model.User com.SmartGarden.SmartGarden.controller.UserController.addUser(com.SmartGarden.SmartGarden.model.User)
2018-09-09 15:22:17.693  INFO 12004 --- [main] s.w.s.m.m.a.RequestMappingHandlerMapping : Mapped "{[/users/deleteByUserId],methods=[POST]}" onto public boolean com.SmartGarden.SmartGarden.controller.UserController.deleteByUserId(int)
2018-09-09 15:22:17.695  INFO 12004 --- [main] s.w.s.m.m.a.RequestMappingHandlerMapping : Mapped "{[/users/updateUser],methods=[POST]}" onto public boolean com.SmartGarden.SmartGarden.controller.UserController.updateUser(com.SmartGarden.SmartGarden.model.User)
2018-09-09 15:22:17.697  INFO 12004 --- [main] s.w.s.m.m.a.RequestMappingHandlerMapping : Mapped "{[/users/loginWithUserId],methods=[GET]}" onto public com.SmartGarden.SmartGarden.model.User com.SmartGarden.SmartGarden.controller.UserController.login(int,java.lang.String)
2018-09-09 15:22:17.698  INFO 12004 --- [main] s.w.s.m.m.a.RequestMappingHandlerMapping : Mapped "{[/users/loginWithEmail],methods=[GET]}" onto public com.SmartGarden.SmartGarden.model.User com.SmartGarden.SmartGarden.controller.UserController.loginWithEmail(java.lang.String,java.lang.String)
2018-09-09 15:22:17.699  INFO 12004 --- [main] s.w.s.m.m.a.RequestMappingHandlerMapping : Mapped "{[/users/modifyUserState],methods=[POST]}" onto public com.SmartGarden.SmartGarden.model.User com.SmartGarden.SmartGarden.controller.UserController.modifyUserState(int,int)
2018-09-09 15:22:17.703  INFO 12004 --- [main] s.w.s.m.m.a.RequestMappingHandlerMapping : Mapped "{[/users/modifyPassword],methods=[POST]}" onto public com.SmartGarden.SmartGarden.model.User com.SmartGarden.SmartGarden.controller.UserController.modifyPassword(int,java.lang.String)
2018-09-09 15:22:17.743  INFO 12004 --- [main] s.w.s.m.m.a.RequestMappingHandlerMapping : Mapped "{[/users/modifyUserType],methods=[POST]}" onto public com.SmartGarden.SmartGarden.model.User com.SmartGarden.SmartGarden.controller.UserController.modifyUserType(int,int)
2018-09-09 15:22:17.748  INFO 12004 --- [main] s.w.s.m.m.a.RequestMappingHandlerMapping : Mapped "{[/users/getAllUser],methods=[GET]}" onto public java.util.List<com.SmartGarden.SmartGarden.model.User> com.SmartGarden.SmartGarden.controller.UserController.getAllUser()
2018-09-09 15:22:17.750  INFO 12004 --- [main] s.w.s.m.m.a.RequestMappingHandlerMapping : Mapped "{[/users/modifyUsername],methods=[POST]}" onto public com.SmartGarden.SmartGarden.model.User com.SmartGarden.SmartGarden.controller.UserController.modifyUsername(int,java.lang.String)
2018-09-09 15:22:17.751  INFO 12004 --- [main] s.w.s.m.m.a.RequestMappingHandlerMapping : Mapped "{[/users/modifyPhone],methods=[POST]}" onto public com.SmartGarden.SmartGarden.model.User com.SmartGarden.SmartGarden.controller.UserController.modifyPhone(int,java.lang.String)
2018-09-09 15:22:17.752  INFO 12004 --- [main] s.w.s.m.m.a.RequestMappingHandlerMapping : Mapped "{[/users/modifyEmail],methods=[POST]}" onto public com.SmartGarden.SmartGarden.model.User com.SmartGarden.SmartGarden.controller.UserController.modifyEmail(int,java.lang.String)
2018-09-09 15:22:17.765  INFO 12004 --- [main] s.w.s.m.m.a.RequestMappingHandlerMapping : Mapped "{[/waterConfig/changeConfigState],methods=[POST]}" onto public boolean com.SmartGarden.SmartGarden.controller.WaterConfigController.changeConfigState(int)
2018-09-09 15:22:17.772  INFO 12004 --- [main] s.w.s.m.m.a.RequestMappingHandlerMapping : Mapped "{[/waterConfig/getConfigByGardenId],methods=[GET]}" onto public java.util.List<com.SmartGarden.SmartGarden.model.WateringConfig> com.SmartGarden.SmartGarden.controller.WaterConfigController.getConfigByGardenId(int)
2018-09-09 15:22:17.776  INFO 12004 --- [main] s.w.s.m.m.a.RequestMappingHandlerMapping : Mapped "{[/waterConfig/deleteByGardenId],methods=[POST]}" onto public boolean com.SmartGarden.SmartGarden.controller.WaterConfigController.deleteByGardenId(int)
2018-09-09 15:22:17.777  INFO 12004 --- [main] s.w.s.m.m.a.RequestMappingHandlerMapping : Mapped "{[/waterConfig/changeTempConfig],methods=[POST]}" onto public boolean com.SmartGarden.SmartGarden.controller.WaterConfigController.changeTempConfig(int,java.lang.Double,java.lang.Double)
2018-09-09 15:22:17.784  INFO 12004 --- [main] s.w.s.m.m.a.RequestMappingHandlerMapping : Mapped "{[/waterConfig/hasActiveConfig],methods=[GET]}" onto public boolean com.SmartGarden.SmartGarden.controller.WaterConfigController.hasActiveConfig(int)
2018-09-09 15:22:17.785  INFO 12004 --- [main] s.w.s.m.m.a.RequestMappingHandlerMapping : Mapped "{[/waterConfig/addConfigByGardenId],methods=[POST]}" onto public com.SmartGarden.SmartGarden.model.WateringConfig com.SmartGarden.SmartGarden.controller.WaterConfigController.addConfig(com.SmartGarden.SmartGarden.model.WateringConfig,int)
2018-09-09 15:22:17.786  INFO 12004 --- [main] s.w.s.m.m.a.RequestMappingHandlerMapping : Mapped "{[/waterConfig/deleteByConfigId],methods=[POST]}" onto public boolean com.SmartGarden.SmartGarden.controller.WaterConfigController.deleteConfig(int)
2018-09-09 15:22:17.788  INFO 12004 --- [main] s.w.s.m.m.a.RequestMappingHandlerMapping : Mapped "{[/waterConfig/getAllConfig],methods=[GET]}" onto public java.util.List<com.SmartGarden.SmartGarden.model.WateringConfig> com.SmartGarden.SmartGarden.controller.WaterConfigController.getAllConfig()
2018-09-09 15:22:17.793  INFO 12004 --- [main] s.w.s.m.m.a.RequestMappingHandlerMapping : Mapped "{[/waterConfig/runAutoWatering],methods=[POST]}" onto public void com.SmartGarden.SmartGarden.controller.WaterConfigController.runAutoWatering()
2018-09-09 15:22:17.794  INFO 12004 --- [main] s.w.s.m.m.a.RequestMappingHandlerMapping : Mapped "{[/waterConfig/updateConfig],methods=[POST]}" onto public boolean com.SmartGarden.SmartGarden.controller.WaterConfigController.updateConfig(com.SmartGarden.SmartGarden.model.WateringConfig)
2018-09-09 15:22:17.795  INFO 12004 --- [main] s.w.s.m.m.a.RequestMappingHandlerMapping : Mapped "{[/waterConfig/changeHumiConfig],methods=[POST]}" onto public boolean com.SmartGarden.SmartGarden.controller.WaterConfigController.changeHumiConfig(int,java.lang.Double,java.lang.Double)
2018-09-09 15:22:17.818  INFO 12004 --- [main] s.w.s.m.m.a.RequestMappingHandlerMapping : Mapped "{[/error]}" onto public org.springframework.http.ResponseEntity<java.util.Map<java.lang.String, java.lang.Object>> org.springframework.boot.autoconfigure.web.servlet.error.BasicErrorController.error(javax.servlet.http.HttpServletRequest)
2018-09-09 15:22:17.820  INFO 12004 --- [main] s.w.s.m.m.a.RequestMappingHandlerMapping : Mapped "{[/error],produces=[text/html]}" onto public org.springframework.web.servlet.ModelAndView org.springframework.boot.autoconfigure.web.servlet.error.BasicErrorController.errorHtml(javax.servlet.http.HttpServletRequest,javax.servlet.http.HttpServletResponse)
2018-09-09 15:22:18.237  INFO 12004 --- [main] o.s.w.s.handler.SimpleUrlHandlerMapping  : Mapped URL path [/webjars/**] onto handler of type [class org.springframework.web.servlet.resource.ResourceHttpRequestHandler]
2018-09-09 15:22:18.238  INFO 12004 --- [main] o.s.w.s.handler.SimpleUrlHandlerMapping  : Mapped URL path [/**] onto handler of type [class org.springframework.web.servlet.resource.ResourceHttpRequestHandler]
2018-09-09 15:22:19.433  INFO 12004 --- [main] o.s.j.e.a.AnnotationMBeanExporter        : Registering beans for JMX exposure on startup
2018-09-09 15:22:19.438  INFO 12004 --- [main] o.s.j.e.a.AnnotationMBeanExporter        : Bean with name 'dataSource' has been autodetected for JMX exposure
2018-09-09 15:22:19.466  INFO 12004 --- [main] o.s.j.e.a.AnnotationMBeanExporter        : Located MBean 'dataSource': registering with JMX server as MBean [com.zaxxer.hikari:name=dataSource,type=HikariDataSource]
2018-09-09 15:22:19.631  INFO 12004 --- [main] o.s.b.w.embedded.tomcat.TomcatWebServer  : Tomcat started on port(s): 8080 (http) with context path ''
2018-09-09 15:22:19.645  INFO 12004 --- [main] c.S.SmartGarden.SmartGardenApplication   : Started SmartGardenApplication in 26.087 seconds (JVM running for 35.295)
2018-09-09 15:22:19.659  INFO 12004 --- [main] c.S.SmartGarden.SmartGardenApplication   : SpringBoot
2018-09-09 15:25:33.081  INFO 12004 --- [http-nio-8080-exec-2] o.a.c.c.C.[Tomcat].[localhost].[/]       : Initializing Spring FrameworkServlet 'dispatcherServlet'
2018-09-09 15:25:33.082  INFO 12004 --- [http-nio-8080-exec-2] o.s.web.servlet.DispatcherServlet        : FrameworkServlet 'dispatcherServlet': initialization started
2018-09-09 15:25:33.164  INFO 12004 --- [http-nio-8080-exec-2] o.s.web.servlet.DispatcherServlet        : FrameworkServlet 'dispatcherServlet': initialization completed in 81 ms
