2018-09-10 16:23:30.940  INFO 10686 --- [main] c.S.SmartGarden.SmartGardenApplication   : Starting SmartGardenApplication on lijiahaodeMacBook-Pro.local with PID 10686 (/Users/lijiahao/Programming/SmartGarden/backend/target/classes started by lijiahao in /Users/lijiahao/Programming/SmartGarden/backend)
2018-09-10 16:23:30.944 DEBUG 10686 --- [main] c.S.SmartGarden.SmartGardenApplication   : Running with Spring Boot v2.0.3.RELEASE, Spring v5.0.7.RELEASE
2018-09-10 16:23:30.948  INFO 10686 --- [main] c.S.SmartGarden.SmartGardenApplication   : No active profile set, falling back to default profiles: default
2018-09-10 16:23:31.001  INFO 10686 --- [main] ConfigServletWebServerApplicationContext : Refreshing org.springframework.boot.web.servlet.context.AnnotationConfigServletWebServerApplicationContext@35d019a3: startup date [Mon Sep 10 16:23:31 CST 2018]; root of context hierarchy
2018-09-10 16:23:32.129  INFO 10686 --- [main] trationDelegate$BeanPostProcessorChecker : Bean 'org.springframework.transaction.annotation.ProxyTransactionManagementConfiguration' of type [org.springframework.transaction.annotation.ProxyTransactionManagementConfiguration$$EnhancerBySpringCGLIB$$a1fa13ed] is not eligible for getting processed by all BeanPostProcessors (for example: not eligible for auto-proxying)
2018-09-10 16:23:32.405  INFO 10686 --- [main] o.s.b.w.embedded.tomcat.TomcatWebServer  : Tomcat initialized with port(s): 8080 (http)
2018-09-10 16:23:32.426  INFO 10686 --- [main] o.apache.catalina.core.StandardService   : Starting service [Tomcat]
2018-09-10 16:23:32.427  INFO 10686 --- [main] org.apache.catalina.core.StandardEngine  : Starting Servlet Engine: Apache Tomcat/8.5.31
2018-09-10 16:23:32.430  INFO 10686 --- [localhost-startStop-1] o.a.catalina.core.AprLifecycleListener   : The APR based Apache Tomcat Native library which allows optimal performance in production environments was not found on the java.library.path: [/Users/lijiahao/Library/Java/Extensions:/Library/Java/Extensions:/Network/Library/Java/Extensions:/System/Library/Java/Extensions:/usr/lib/java:.]
2018-09-10 16:23:32.508  INFO 10686 --- [localhost-startStop-1] o.a.c.c.C.[Tomcat].[localhost].[/]       : Initializing Spring embedded WebApplicationContext
2018-09-10 16:23:32.509  INFO 10686 --- [localhost-startStop-1] o.s.web.context.ContextLoader            : Root WebApplicationContext: initialization completed in 1508 ms
2018-09-10 16:23:32.600  INFO 10686 --- [localhost-startStop-1] o.s.b.w.servlet.ServletRegistrationBean  : Servlet dispatcherServlet mapped to [/]
2018-09-10 16:23:32.604  INFO 10686 --- [localhost-startStop-1] o.s.b.w.servlet.FilterRegistrationBean   : Mapping filter: 'CORSConfiguration' to: [/*]
2018-09-10 16:23:32.604  INFO 10686 --- [localhost-startStop-1] o.s.b.w.servlet.FilterRegistrationBean   : Mapping filter: 'characterEncodingFilter' to: [/*]
2018-09-10 16:23:32.604  INFO 10686 --- [localhost-startStop-1] o.s.b.w.servlet.FilterRegistrationBean   : Mapping filter: 'hiddenHttpMethodFilter' to: [/*]
2018-09-10 16:23:32.604  INFO 10686 --- [localhost-startStop-1] o.s.b.w.servlet.FilterRegistrationBean   : Mapping filter: 'httpPutFormContentFilter' to: [/*]
2018-09-10 16:23:32.604  INFO 10686 --- [localhost-startStop-1] o.s.b.w.servlet.FilterRegistrationBean   : Mapping filter: 'requestContextFilter' to: [/*]
2018-09-10 16:23:32.760  INFO 10686 --- [main] com.zaxxer.hikari.HikariDataSource       : HikariPool-1 - Starting...
2018-09-10 16:23:33.353  INFO 10686 --- [main] com.zaxxer.hikari.HikariDataSource       : HikariPool-1 - Start completed.
2018-09-10 16:23:33.389  INFO 10686 --- [main] j.LocalContainerEntityManagerFactoryBean : Building JPA container EntityManagerFactory for persistence unit 'default'
2018-09-10 16:23:34.423  INFO 10686 --- [main] j.LocalContainerEntityManagerFactoryBean : Initialized JPA EntityManagerFactory for persistence unit 'default'
2018-09-10 16:23:35.047  INFO 10686 --- [main] o.s.w.s.handler.SimpleUrlHandlerMapping  : Mapped URL path [/**/favicon.ico] onto handler of type [class org.springframework.web.servlet.resource.ResourceHttpRequestHandler]
2018-09-10 16:23:35.261  INFO 10686 --- [main] s.w.s.m.m.a.RequestMappingHandlerAdapter : Looking for @ControllerAdvice: org.springframework.boot.web.servlet.context.AnnotationConfigServletWebServerApplicationContext@35d019a3: startup date [Mon Sep 10 16:23:31 CST 2018]; root of context hierarchy
2018-09-10 16:23:35.297  WARN 10686 --- [main] aWebConfiguration$JpaWebMvcConfiguration : spring.jpa.open-in-view is enabled by default. Therefore, database queries may be performed during view rendering. Explicitly configure spring.jpa.open-in-view to disable this warning
2018-09-10 16:23:35.323  INFO 10686 --- [main] s.w.s.m.m.a.RequestMappingHandlerMapping : Mapped "{[/email/sendEmail],methods=[GET]}" onto public int com.SmartGarden.SmartGarden.controller.EmailController.sendEmail(java.lang.String)
2018-09-10 16:23:35.325  INFO 10686 --- [main] s.w.s.m.m.a.RequestMappingHandlerMapping : Mapped "{[/fakeData/generateData],methods=[GET]}" onto public void com.SmartGarden.SmartGarden.controller.FakeDataController.generateData()
2018-09-10 16:23:35.325  INFO 10686 --- [main] s.w.s.m.m.a.RequestMappingHandlerMapping : Mapped "{[/fakeData/generateDataWithSensorId],methods=[GET]}" onto public void com.SmartGarden.SmartGarden.controller.FakeDataController.generateDataWithSensorId(int)
2018-09-10 16:23:35.325  INFO 10686 --- [main] s.w.s.m.m.a.RequestMappingHandlerMapping : Mapped "{[/fakeData/generateDataWithGardenId],methods=[GET]}" onto public void com.SmartGarden.SmartGarden.controller.FakeDataController.generateDataWithGardenId(int)
2018-09-10 16:23:35.326  INFO 10686 --- [main] s.w.s.m.m.a.RequestMappingHandlerMapping : Mapped "{[/fakeData/generateAll],methods=[GET]}" onto public void com.SmartGarden.SmartGarden.controller.FakeDataController.generateAll() throws java.lang.InterruptedException
2018-09-10 16:23:35.329  INFO 10686 --- [main] s.w.s.m.m.a.RequestMappingHandlerMapping : Mapped "{[/garden/addGardenWithUserId],methods=[POST]}" onto public com.SmartGarden.SmartGarden.model.Garden com.SmartGarden.SmartGarden.controller.GardenController.addGardenWithUserId(com.SmartGarden.SmartGarden.model.Garden,int)
2018-09-10 16:23:35.329  INFO 10686 --- [main] s.w.s.m.m.a.RequestMappingHandlerMapping : Mapped "{[/garden/deleteByGardenId],methods=[POST]}" onto public boolean com.SmartGarden.SmartGarden.controller.GardenController.deleteByGardenId(int)
2018-09-10 16:23:35.329  INFO 10686 --- [main] s.w.s.m.m.a.RequestMappingHandlerMapping : Mapped "{[/garden/getByUserId],methods=[GET]}" onto public java.util.List<com.SmartGarden.SmartGarden.model.Garden> com.SmartGarden.SmartGarden.controller.GardenController.getWithUserId(int)
2018-09-10 16:23:35.329  INFO 10686 --- [main] s.w.s.m.m.a.RequestMappingHandlerMapping : Mapped "{[/garden/getByGardenId],methods=[GET]}" onto public com.SmartGarden.SmartGarden.model.Garden com.SmartGarden.SmartGarden.controller.GardenController.getWithGardenId(int)
2018-09-10 16:23:35.330  INFO 10686 --- [main] s.w.s.m.m.a.RequestMappingHandlerMapping : Mapped "{[/garden/deleteByUserId],methods=[POST]}" onto public boolean com.SmartGarden.SmartGarden.controller.GardenController.deleteByUserId(int)
2018-09-10 16:23:35.330  INFO 10686 --- [main] s.w.s.m.m.a.RequestMappingHandlerMapping : Mapped "{[/garden/updateGarden],methods=[POST]}" onto public boolean com.SmartGarden.SmartGarden.controller.GardenController.updateGarden(com.SmartGarden.SmartGarden.model.Garden)
2018-09-10 16:23:35.330  INFO 10686 --- [main] s.w.s.m.m.a.RequestMappingHandlerMapping : Mapped "{[/garden/getGardenNumberByUserId],methods=[GET]}" onto public int com.SmartGarden.SmartGarden.controller.GardenController.getGardenNumberByUserId(int)
2018-09-10 16:23:35.332  INFO 10686 --- [main] s.w.s.m.m.a.RequestMappingHandlerMapping : Mapped "{[/humidity/getLast20HumiDataBySensorId],methods=[GET]}" onto public java.util.List<com.SmartGarden.SmartGarden.model.HumiData> com.SmartGarden.SmartGarden.controller.HumiDataController.getLast20HumiDataBySensorId(int)
2018-09-10 16:23:35.332  INFO 10686 --- [main] s.w.s.m.m.a.RequestMappingHandlerMapping : Mapped "{[/humidity/getLast15HumiDataBySensorId],methods=[GET]}" onto public java.util.List<com.SmartGarden.SmartGarden.model.HumiData> com.SmartGarden.SmartGarden.controller.HumiDataController.getLast15HumiDataBySensorId(int)
2018-09-10 16:23:35.332  INFO 10686 --- [main] s.w.s.m.m.a.RequestMappingHandlerMapping : Mapped "{[/humidity/getLastHumiDataByGardenId],methods=[GET]}" onto public java.util.List<com.SmartGarden.SmartGarden.model.HumiData> com.SmartGarden.SmartGarden.controller.HumiDataController.getLastHumiDataByGardenId(int)
2018-09-10 16:23:35.332  INFO 10686 --- [main] s.w.s.m.m.a.RequestMappingHandlerMapping : Mapped "{[/humidity/addHumiDataWithSensorId],methods=[POST]}" onto public boolean com.SmartGarden.SmartGarden.controller.HumiDataController.addHumiData(com.SmartGarden.SmartGarden.model.HumiData,int)
2018-09-10 16:23:35.333  INFO 10686 --- [main] s.w.s.m.m.a.RequestMappingHandlerMapping : Mapped "{[/humidity/deleteByHumiDataId],methods=[POST]}" onto public boolean com.SmartGarden.SmartGarden.controller.HumiDataController.deleteHumiData(int)
2018-09-10 16:23:35.334  INFO 10686 --- [main] s.w.s.m.m.a.RequestMappingHandlerMapping : Mapped "{[/nozzles/getNozzleByGardenId],methods=[GET]}" onto public java.util.List<com.SmartGarden.SmartGarden.model.Nozzle> com.SmartGarden.SmartGarden.controller.NozzleController.getNozzleByGardenId(int)
2018-09-10 16:23:35.334  INFO 10686 --- [main] s.w.s.m.m.a.RequestMappingHandlerMapping : Mapped "{[/nozzles/getNozzleByNozzleId],methods=[GET]}" onto public com.SmartGarden.SmartGarden.model.Nozzle com.SmartGarden.SmartGarden.controller.NozzleController.getNozzleByNozzleId(int)
2018-09-10 16:23:35.335  INFO 10686 --- [main] s.w.s.m.m.a.RequestMappingHandlerMapping : Mapped "{[/nozzles/addNozzleByGardenId],methods=[POST]}" onto public com.SmartGarden.SmartGarden.model.Nozzle com.SmartGarden.SmartGarden.controller.NozzleController.addNozzleWithGardenId(com.SmartGarden.SmartGarden.model.Nozzle,int)
2018-09-10 16:23:35.335  INFO 10686 --- [main] s.w.s.m.m.a.RequestMappingHandlerMapping : Mapped "{[/nozzles/deleteNozzleByNozzleId],methods=[POST]}" onto public boolean com.SmartGarden.SmartGarden.controller.NozzleController.deleteByNozzleId(int)
2018-09-10 16:23:35.335  INFO 10686 --- [main] s.w.s.m.m.a.RequestMappingHandlerMapping : Mapped "{[/nozzles/modifyRadiusByNozzleId],methods=[POST]}" onto public boolean com.SmartGarden.SmartGarden.controller.NozzleController.modifyRadius(int,java.lang.Double)
2018-09-10 16:23:35.335  INFO 10686 --- [main] s.w.s.m.m.a.RequestMappingHandlerMapping : Mapped "{[/nozzles/modifyStateByNozzleId],methods=[POST]}" onto public boolean com.SmartGarden.SmartGarden.controller.NozzleController.modifyState(int,int)
2018-09-10 16:23:35.335  INFO 10686 --- [main] s.w.s.m.m.a.RequestMappingHandlerMapping : Mapped "{[/nozzles/modifyPositionByNozzleId],methods=[POST]}" onto public boolean com.SmartGarden.SmartGarden.controller.NozzleController.modifyPosition(int,java.lang.Double,java.lang.Double)
2018-09-10 16:23:35.340  INFO 10686 --- [main] s.w.s.m.m.a.RequestMappingHandlerMapping : Mapped "{[/sensors/getAllSensor],methods=[GET]}" onto public java.util.List<com.SmartGarden.SmartGarden.model.Sensor> com.SmartGarden.SmartGarden.controller.SensorController.getAllSensor()
2018-09-10 16:23:35.341  INFO 10686 --- [main] s.w.s.m.m.a.RequestMappingHandlerMapping : Mapped "{[/sensors/getSensorBySensorId],methods=[GET]}" onto public com.SmartGarden.SmartGarden.model.Sensor com.SmartGarden.SmartGarden.controller.SensorController.getSensorBySensorId(int)
2018-09-10 16:23:35.341  INFO 10686 --- [main] s.w.s.m.m.a.RequestMappingHandlerMapping : Mapped "{[/sensors/getSensorByGardenId],methods=[GET]}" onto public java.util.List<com.SmartGarden.SmartGarden.model.Sensor> com.SmartGarden.SmartGarden.controller.SensorController.getSensorByGardenId(int)
2018-09-10 16:23:35.341  INFO 10686 --- [main] s.w.s.m.m.a.RequestMappingHandlerMapping : Mapped "{[/sensors/getHumiSensorByGardenId],methods=[GET]}" onto public java.util.List<com.SmartGarden.SmartGarden.model.Sensor> com.SmartGarden.SmartGarden.controller.SensorController.getHumiSensorByGardenId(int)
2018-09-10 16:23:35.341  INFO 10686 --- [main] s.w.s.m.m.a.RequestMappingHandlerMapping : Mapped "{[/sensors/getTempSensorByGardenId],methods=[GET]}" onto public java.util.List<com.SmartGarden.SmartGarden.model.Sensor> com.SmartGarden.SmartGarden.controller.SensorController.getTempSensorByGardenId(int)
2018-09-10 16:23:35.341  INFO 10686 --- [main] s.w.s.m.m.a.RequestMappingHandlerMapping : Mapped "{[/sensors/addSensorWithGardenId],methods=[POST]}" onto public boolean com.SmartGarden.SmartGarden.controller.SensorController.addSensorWithGardenId(com.SmartGarden.SmartGarden.model.Sensor,int)
2018-09-10 16:23:35.342  INFO 10686 --- [main] s.w.s.m.m.a.RequestMappingHandlerMapping : Mapped "{[/sensors/modifySensorState],methods=[POST]}" onto public boolean com.SmartGarden.SmartGarden.controller.SensorController.modifySensorState(int,int)
2018-09-10 16:23:35.342  INFO 10686 --- [main] s.w.s.m.m.a.RequestMappingHandlerMapping : Mapped "{[/sensors/updateSensorBySensorId],methods=[POST]}" onto public boolean com.SmartGarden.SmartGarden.controller.SensorController.updateSensorBySensorId(com.SmartGarden.SmartGarden.model.Sensor)
2018-09-10 16:23:35.342  INFO 10686 --- [main] s.w.s.m.m.a.RequestMappingHandlerMapping : Mapped "{[/sensors/deleteSensorBySensorId],methods=[POST]}" onto public boolean com.SmartGarden.SmartGarden.controller.SensorController.deleteSensorBySensorId(int)
2018-09-10 16:23:35.342  INFO 10686 --- [main] s.w.s.m.m.a.RequestMappingHandlerMapping : Mapped "{[/sensors/getSensorNumberByGardenId],methods=[GET]}" onto public int com.SmartGarden.SmartGarden.controller.SensorController.getSensorNumberByGardenId(int)
2018-09-10 16:23:35.343  INFO 10686 --- [main] s.w.s.m.m.a.RequestMappingHandlerMapping : Mapped "{[/sensors/modifySensorPosition],methods=[POST]}" onto public boolean com.SmartGarden.SmartGarden.controller.SensorController.modifySensorPosition(int,java.lang.Double,java.lang.Double)
2018-09-10 16:23:35.344  INFO 10686 --- [main] s.w.s.m.m.a.RequestMappingHandlerMapping : Mapped "{[/temperature/addTempDataWithSensorId],methods=[POST]}" onto public boolean com.SmartGarden.SmartGarden.controller.TempDataController.addTempData(com.SmartGarden.SmartGarden.model.TempData,int)
2018-09-10 16:23:35.344  INFO 10686 --- [main] s.w.s.m.m.a.RequestMappingHandlerMapping : Mapped "{[/temperature/getLast20TempDataBySensorId],methods=[GET]}" onto public java.util.List<com.SmartGarden.SmartGarden.model.TempData> com.SmartGarden.SmartGarden.controller.TempDataController.getLast20TempDataBySensorId(int)
2018-09-10 16:23:35.344  INFO 10686 --- [main] s.w.s.m.m.a.RequestMappingHandlerMapping : Mapped "{[/temperature/getLast15TempDataBySensorId],methods=[GET]}" onto public java.util.List<com.SmartGarden.SmartGarden.model.TempData> com.SmartGarden.SmartGarden.controller.TempDataController.getLast15TempDataBySensorId(int)
2018-09-10 16:23:35.344  INFO 10686 --- [main] s.w.s.m.m.a.RequestMappingHandlerMapping : Mapped "{[/temperature/getLastTempDataByGardenId],methods=[GET]}" onto public java.util.List<com.SmartGarden.SmartGarden.model.TempData> com.SmartGarden.SmartGarden.controller.TempDataController.getLastTempDataByGardenId(int)
2018-09-10 16:23:35.345  INFO 10686 --- [main] s.w.s.m.m.a.RequestMappingHandlerMapping : Mapped "{[/temperature/deleteByTempDataId],methods=[POST]}" onto public boolean com.SmartGarden.SmartGarden.controller.TempDataController.deleteTempData(int)
2018-09-10 16:23:35.347  INFO 10686 --- [main] s.w.s.m.m.a.RequestMappingHandlerMapping : Mapped "{[/users/addUser],methods=[POST]}" onto public com.SmartGarden.SmartGarden.model.User com.SmartGarden.SmartGarden.controller.UserController.addUser(com.SmartGarden.SmartGarden.model.User)
2018-09-10 16:23:35.347  INFO 10686 --- [main] s.w.s.m.m.a.RequestMappingHandlerMapping : Mapped "{[/users/deleteByUserId],methods=[POST]}" onto public boolean com.SmartGarden.SmartGarden.controller.UserController.deleteByUserId(int)
2018-09-10 16:23:35.347  INFO 10686 --- [main] s.w.s.m.m.a.RequestMappingHandlerMapping : Mapped "{[/users/loginWithUserId],methods=[GET]}" onto public com.SmartGarden.SmartGarden.model.User com.SmartGarden.SmartGarden.controller.UserController.login(int,java.lang.String)
2018-09-10 16:23:35.347  INFO 10686 --- [main] s.w.s.m.m.a.RequestMappingHandlerMapping : Mapped "{[/users/loginWithEmail],methods=[GET]}" onto public com.SmartGarden.SmartGarden.model.User com.SmartGarden.SmartGarden.controller.UserController.loginWithEmail(java.lang.String,java.lang.String)
2018-09-10 16:23:35.347  INFO 10686 --- [main] s.w.s.m.m.a.RequestMappingHandlerMapping : Mapped "{[/users/updateUser],methods=[POST]}" onto public boolean com.SmartGarden.SmartGarden.controller.UserController.updateUser(com.SmartGarden.SmartGarden.model.User)
2018-09-10 16:23:35.348  INFO 10686 --- [main] s.w.s.m.m.a.RequestMappingHandlerMapping : Mapped "{[/users/activeUserWithUserId],methods=[POST]}" onto public boolean com.SmartGarden.SmartGarden.controller.UserController.activeUserWithUserId(int)
2018-09-10 16:23:35.348  INFO 10686 --- [main] s.w.s.m.m.a.RequestMappingHandlerMapping : Mapped "{[/users/modifyUsername],methods=[POST]}" onto public com.SmartGarden.SmartGarden.model.User com.SmartGarden.SmartGarden.controller.UserController.modifyUsername(int,java.lang.String)
2018-09-10 16:23:35.348  INFO 10686 --- [main] s.w.s.m.m.a.RequestMappingHandlerMapping : Mapped "{[/users/modifyUserState],methods=[POST]}" onto public com.SmartGarden.SmartGarden.model.User com.SmartGarden.SmartGarden.controller.UserController.modifyUserState(int,int)
2018-09-10 16:23:35.348  INFO 10686 --- [main] s.w.s.m.m.a.RequestMappingHandlerMapping : Mapped "{[/users/modifyPhone],methods=[POST]}" onto public com.SmartGarden.SmartGarden.model.User com.SmartGarden.SmartGarden.controller.UserController.modifyPhone(int,java.lang.String)
2018-09-10 16:23:35.348  INFO 10686 --- [main] s.w.s.m.m.a.RequestMappingHandlerMapping : Mapped "{[/users/modifyEmail],methods=[POST]}" onto public com.SmartGarden.SmartGarden.model.User com.SmartGarden.SmartGarden.controller.UserController.modifyEmail(int,java.lang.String)
2018-09-10 16:23:35.348  INFO 10686 --- [main] s.w.s.m.m.a.RequestMappingHandlerMapping : Mapped "{[/users/modifyUserType],methods=[POST]}" onto public com.SmartGarden.SmartGarden.model.User com.SmartGarden.SmartGarden.controller.UserController.modifyUserType(int,int)
2018-09-10 16:23:35.348  INFO 10686 --- [main] s.w.s.m.m.a.RequestMappingHandlerMapping : Mapped "{[/users/modifyPassword],methods=[POST]}" onto public com.SmartGarden.SmartGarden.model.User com.SmartGarden.SmartGarden.controller.UserController.modifyPassword(int,java.lang.String)
2018-09-10 16:23:35.349  INFO 10686 --- [main] s.w.s.m.m.a.RequestMappingHandlerMapping : Mapped "{[/users/getAllUser],methods=[GET]}" onto public java.util.List<com.SmartGarden.SmartGarden.model.User> com.SmartGarden.SmartGarden.controller.UserController.getAllUser()
2018-09-10 16:23:35.351  INFO 10686 --- [main] s.w.s.m.m.a.RequestMappingHandlerMapping : Mapped "{[/waterConfig/deleteByGardenId],methods=[POST]}" onto public boolean com.SmartGarden.SmartGarden.controller.WaterConfigController.deleteByGardenId(int)
2018-09-10 16:23:35.351  INFO 10686 --- [main] s.w.s.m.m.a.RequestMappingHandlerMapping : Mapped "{[/waterConfig/getConfigByGardenId],methods=[GET]}" onto public java.util.List<com.SmartGarden.SmartGarden.model.WateringConfig> com.SmartGarden.SmartGarden.controller.WaterConfigController.getConfigByGardenId(int)
2018-09-10 16:23:35.351  INFO 10686 --- [main] s.w.s.m.m.a.RequestMappingHandlerMapping : Mapped "{[/waterConfig/hasActiveConfig],methods=[GET]}" onto public boolean com.SmartGarden.SmartGarden.controller.WaterConfigController.hasActiveConfig(int)
2018-09-10 16:23:35.351  INFO 10686 --- [main] s.w.s.m.m.a.RequestMappingHandlerMapping : Mapped "{[/waterConfig/getAllConfig],methods=[GET]}" onto public java.util.List<com.SmartGarden.SmartGarden.model.WateringConfig> com.SmartGarden.SmartGarden.controller.WaterConfigController.getAllConfig()
2018-09-10 16:23:35.351  INFO 10686 --- [main] s.w.s.m.m.a.RequestMappingHandlerMapping : Mapped "{[/waterConfig/addConfigByGardenId],methods=[POST]}" onto public com.SmartGarden.SmartGarden.model.WateringConfig com.SmartGarden.SmartGarden.controller.WaterConfigController.addConfig(com.SmartGarden.SmartGarden.model.WateringConfig,int)
2018-09-10 16:23:35.351  INFO 10686 --- [main] s.w.s.m.m.a.RequestMappingHandlerMapping : Mapped "{[/waterConfig/deleteByConfigId],methods=[POST]}" onto public boolean com.SmartGarden.SmartGarden.controller.WaterConfigController.deleteConfig(int)
2018-09-10 16:23:35.352  INFO 10686 --- [main] s.w.s.m.m.a.RequestMappingHandlerMapping : Mapped "{[/waterConfig/changeConfigState],methods=[POST]}" onto public boolean com.SmartGarden.SmartGarden.controller.WaterConfigController.changeConfigState(int)
2018-09-10 16:23:35.352  INFO 10686 --- [main] s.w.s.m.m.a.RequestMappingHandlerMapping : Mapped "{[/waterConfig/updateConfig],methods=[POST]}" onto public boolean com.SmartGarden.SmartGarden.controller.WaterConfigController.updateConfig(com.SmartGarden.SmartGarden.model.WateringConfig)
2018-09-10 16:23:35.352  INFO 10686 --- [main] s.w.s.m.m.a.RequestMappingHandlerMapping : Mapped "{[/waterConfig/changeTempConfig],methods=[POST]}" onto public boolean com.SmartGarden.SmartGarden.controller.WaterConfigController.changeTempConfig(int,java.lang.Double,java.lang.Double)
2018-09-10 16:23:35.352  INFO 10686 --- [main] s.w.s.m.m.a.RequestMappingHandlerMapping : Mapped "{[/waterConfig/changeHumiConfig],methods=[POST]}" onto public boolean com.SmartGarden.SmartGarden.controller.WaterConfigController.changeHumiConfig(int,java.lang.Double,java.lang.Double)
2018-09-10 16:23:35.352  INFO 10686 --- [main] s.w.s.m.m.a.RequestMappingHandlerMapping : Mapped "{[/waterConfig/runAutoWatering],methods=[POST]}" onto public void com.SmartGarden.SmartGarden.controller.WaterConfigController.runAutoWatering()
2018-09-10 16:23:35.354  INFO 10686 --- [main] s.w.s.m.m.a.RequestMappingHandlerMapping : Mapped "{[/error]}" onto public org.springframework.http.ResponseEntity<java.util.Map<java.lang.String, java.lang.Object>> org.springframework.boot.autoconfigure.web.servlet.error.BasicErrorController.error(javax.servlet.http.HttpServletRequest)
2018-09-10 16:23:35.355  INFO 10686 --- [main] s.w.s.m.m.a.RequestMappingHandlerMapping : Mapped "{[/error],produces=[text/html]}" onto public org.springframework.web.servlet.ModelAndView org.springframework.boot.autoconfigure.web.servlet.error.BasicErrorController.errorHtml(javax.servlet.http.HttpServletRequest,javax.servlet.http.HttpServletResponse)
2018-09-10 16:23:35.375  INFO 10686 --- [main] o.s.w.s.handler.SimpleUrlHandlerMapping  : Mapped URL path [/webjars/**] onto handler of type [class org.springframework.web.servlet.resource.ResourceHttpRequestHandler]
2018-09-10 16:23:35.375  INFO 10686 --- [main] o.s.w.s.handler.SimpleUrlHandlerMapping  : Mapped URL path [/**] onto handler of type [class org.springframework.web.servlet.resource.ResourceHttpRequestHandler]
2018-09-10 16:23:35.583  INFO 10686 --- [main] o.s.j.e.a.AnnotationMBeanExporter        : Registering beans for JMX exposure on startup
2018-09-10 16:23:35.585  INFO 10686 --- [main] o.s.j.e.a.AnnotationMBeanExporter        : Bean with name 'dataSource' has been autodetected for JMX exposure
2018-09-10 16:23:35.590  INFO 10686 --- [main] o.s.j.e.a.AnnotationMBeanExporter        : Located MBean 'dataSource': registering with JMX server as MBean [com.zaxxer.hikari:name=dataSource,type=HikariDataSource]
2018-09-10 16:23:35.643  INFO 10686 --- [main] o.s.b.w.embedded.tomcat.TomcatWebServer  : Tomcat started on port(s): 8080 (http) with context path ''
2018-09-10 16:23:35.646  INFO 10686 --- [main] c.S.SmartGarden.SmartGardenApplication   : Started SmartGardenApplication in 5.631 seconds (JVM running for 6.675)
2018-09-10 16:23:35.648  INFO 10686 --- [main] c.S.SmartGarden.SmartGardenApplication   : SpringBoot加载完毕
2018-09-10 16:23:45.259  INFO 10686 --- [http-nio-8080-exec-1] o.a.c.c.C.[Tomcat].[localhost].[/]       : Initializing Spring FrameworkServlet 'dispatcherServlet'
2018-09-10 16:23:45.260  INFO 10686 --- [http-nio-8080-exec-1] o.s.web.servlet.DispatcherServlet        : FrameworkServlet 'dispatcherServlet': initialization started
2018-09-10 16:23:45.276  INFO 10686 --- [http-nio-8080-exec-1] o.s.web.servlet.DispatcherServlet        : FrameworkServlet 'dispatcherServlet': initialization completed in 16 ms
2018-09-10 16:24:53.230  INFO 10686 --- [Thread-14] ConfigServletWebServerApplicationContext : Closing org.springframework.boot.web.servlet.context.AnnotationConfigServletWebServerApplicationContext@35d019a3: startup date [Mon Sep 10 16:23:31 CST 2018]; root of context hierarchy
2018-09-10 16:24:53.234  INFO 10686 --- [Thread-14] o.s.j.e.a.AnnotationMBeanExporter        : Unregistering JMX-exposed beans on shutdown
2018-09-10 16:24:53.237  INFO 10686 --- [Thread-14] o.s.j.e.a.AnnotationMBeanExporter        : Unregistering JMX-exposed beans
2018-09-10 16:24:53.239  INFO 10686 --- [Thread-14] j.LocalContainerEntityManagerFactoryBean : Closing JPA EntityManagerFactory for persistence unit 'default'
2018-09-10 16:24:53.241  INFO 10686 --- [Thread-14] com.zaxxer.hikari.HikariDataSource       : HikariPool-1 - Shutdown initiated...
2018-09-10 16:24:53.249  INFO 10686 --- [Thread-14] com.zaxxer.hikari.HikariDataSource       : HikariPool-1 - Shutdown completed.
2018-09-10 17:17:18.381  INFO 10796 --- [main] c.S.SmartGarden.SmartGardenApplication   : Starting SmartGardenApplication on lijiahaodeMacBook-Pro.local with PID 10796 (/Users/lijiahao/Programming/SmartGarden/backend/target/classes started by lijiahao in /Users/lijiahao/Programming/SmartGarden/backend)
2018-09-10 17:17:18.383 DEBUG 10796 --- [main] c.S.SmartGarden.SmartGardenApplication   : Running with Spring Boot v2.0.3.RELEASE, Spring v5.0.7.RELEASE
2018-09-10 17:17:18.387  INFO 10796 --- [main] c.S.SmartGarden.SmartGardenApplication   : No active profile set, falling back to default profiles: default
2018-09-10 17:17:18.457  INFO 10796 --- [main] ConfigServletWebServerApplicationContext : Refreshing org.springframework.boot.web.servlet.context.AnnotationConfigServletWebServerApplicationContext@18078bef: startup date [Mon Sep 10 17:17:18 CST 2018]; root of context hierarchy
2018-09-10 17:17:19.457  INFO 10796 --- [main] trationDelegate$BeanPostProcessorChecker : Bean 'org.springframework.transaction.annotation.ProxyTransactionManagementConfiguration' of type [org.springframework.transaction.annotation.ProxyTransactionManagementConfiguration$$EnhancerBySpringCGLIB$$42562cf] is not eligible for getting processed by all BeanPostProcessors (for example: not eligible for auto-proxying)
2018-09-10 17:17:19.674  INFO 10796 --- [main] o.s.b.w.embedded.tomcat.TomcatWebServer  : Tomcat initialized with port(s): 8080 (http)
2018-09-10 17:17:19.696  INFO 10796 --- [main] o.apache.catalina.core.StandardService   : Starting service [Tomcat]
2018-09-10 17:17:19.696  INFO 10796 --- [main] org.apache.catalina.core.StandardEngine  : Starting Servlet Engine: Apache Tomcat/8.5.31
2018-09-10 17:17:19.700  INFO 10796 --- [localhost-startStop-1] o.a.catalina.core.AprLifecycleListener   : The APR based Apache Tomcat Native library which allows optimal performance in production environments was not found on the java.library.path: [/Users/lijiahao/Library/Java/Extensions:/Library/Java/Extensions:/Network/Library/Java/Extensions:/System/Library/Java/Extensions:/usr/lib/java:.]
2018-09-10 17:17:19.772  INFO 10796 --- [localhost-startStop-1] o.a.c.c.C.[Tomcat].[localhost].[/]       : Initializing Spring embedded WebApplicationContext
2018-09-10 17:17:19.772  INFO 10796 --- [localhost-startStop-1] o.s.web.context.ContextLoader            : Root WebApplicationContext: initialization completed in 1316 ms
2018-09-10 17:17:19.874  INFO 10796 --- [localhost-startStop-1] o.s.b.w.servlet.ServletRegistrationBean  : Servlet dispatcherServlet mapped to [/]
2018-09-10 17:17:19.877  INFO 10796 --- [localhost-startStop-1] o.s.b.w.servlet.FilterRegistrationBean   : Mapping filter: 'CORSConfiguration' to: [/*]
2018-09-10 17:17:19.877  INFO 10796 --- [localhost-startStop-1] o.s.b.w.servlet.FilterRegistrationBean   : Mapping filter: 'characterEncodingFilter' to: [/*]
2018-09-10 17:17:19.877  INFO 10796 --- [localhost-startStop-1] o.s.b.w.servlet.FilterRegistrationBean   : Mapping filter: 'hiddenHttpMethodFilter' to: [/*]
2018-09-10 17:17:19.878  INFO 10796 --- [localhost-startStop-1] o.s.b.w.servlet.FilterRegistrationBean   : Mapping filter: 'httpPutFormContentFilter' to: [/*]
2018-09-10 17:17:19.878  INFO 10796 --- [localhost-startStop-1] o.s.b.w.servlet.FilterRegistrationBean   : Mapping filter: 'requestContextFilter' to: [/*]
2018-09-10 17:17:20.061  INFO 10796 --- [main] com.zaxxer.hikari.HikariDataSource       : HikariPool-1 - Starting...
2018-09-10 17:17:20.554  INFO 10796 --- [main] com.zaxxer.hikari.HikariDataSource       : HikariPool-1 - Start completed.
2018-09-10 17:17:20.599  INFO 10796 --- [main] j.LocalContainerEntityManagerFactoryBean : Building JPA container EntityManagerFactory for persistence unit 'default'
2018-09-10 17:17:21.599  INFO 10796 --- [main] j.LocalContainerEntityManagerFactoryBean : Initialized JPA EntityManagerFactory for persistence unit 'default'
2018-09-10 17:17:22.275  INFO 10796 --- [main] o.s.w.s.handler.SimpleUrlHandlerMapping  : Mapped URL path [/**/favicon.ico] onto handler of type [class org.springframework.web.servlet.resource.ResourceHttpRequestHandler]
2018-09-10 17:17:22.521  INFO 10796 --- [main] s.w.s.m.m.a.RequestMappingHandlerAdapter : Looking for @ControllerAdvice: org.springframework.boot.web.servlet.context.AnnotationConfigServletWebServerApplicationContext@18078bef: startup date [Mon Sep 10 17:17:18 CST 2018]; root of context hierarchy
2018-09-10 17:17:22.547  WARN 10796 --- [main] aWebConfiguration$JpaWebMvcConfiguration : spring.jpa.open-in-view is enabled by default. Therefore, database queries may be performed during view rendering. Explicitly configure spring.jpa.open-in-view to disable this warning
2018-09-10 17:17:22.574  INFO 10796 --- [main] s.w.s.m.m.a.RequestMappingHandlerMapping : Mapped "{[/email/sendEmail],methods=[GET]}" onto public int com.SmartGarden.SmartGarden.controller.EmailController.sendEmail(java.lang.String)
2018-09-10 17:17:22.575  INFO 10796 --- [main] s.w.s.m.m.a.RequestMappingHandlerMapping : Mapped "{[/fakeData/generateData],methods=[GET]}" onto public void com.SmartGarden.SmartGarden.controller.FakeDataController.generateData()
2018-09-10 17:17:22.576  INFO 10796 --- [main] s.w.s.m.m.a.RequestMappingHandlerMapping : Mapped "{[/fakeData/generateDataWithSensorId],methods=[GET]}" onto public void com.SmartGarden.SmartGarden.controller.FakeDataController.generateDataWithSensorId(int)
2018-09-10 17:17:22.576  INFO 10796 --- [main] s.w.s.m.m.a.RequestMappingHandlerMapping : Mapped "{[/fakeData/generateDataWithGardenId],methods=[GET]}" onto public void com.SmartGarden.SmartGarden.controller.FakeDataController.generateDataWithGardenId(int)
2018-09-10 17:17:22.576  INFO 10796 --- [main] s.w.s.m.m.a.RequestMappingHandlerMapping : Mapped "{[/fakeData/generateAll],methods=[GET]}" onto public void com.SmartGarden.SmartGarden.controller.FakeDataController.generateAll() throws java.lang.InterruptedException
2018-09-10 17:17:22.578  INFO 10796 --- [main] s.w.s.m.m.a.RequestMappingHandlerMapping : Mapped "{[/garden/addGardenWithUserId],methods=[POST]}" onto public com.SmartGarden.SmartGarden.model.Garden com.SmartGarden.SmartGarden.controller.GardenController.addGardenWithUserId(com.SmartGarden.SmartGarden.model.Garden,int)
2018-09-10 17:17:22.579  INFO 10796 --- [main] s.w.s.m.m.a.RequestMappingHandlerMapping : Mapped "{[/garden/deleteByGardenId],methods=[POST]}" onto public boolean com.SmartGarden.SmartGarden.controller.GardenController.deleteByGardenId(int)
2018-09-10 17:17:22.579  INFO 10796 --- [main] s.w.s.m.m.a.RequestMappingHandlerMapping : Mapped "{[/garden/getByUserId],methods=[GET]}" onto public java.util.List<com.SmartGarden.SmartGarden.model.Garden> com.SmartGarden.SmartGarden.controller.GardenController.getWithUserId(int)
2018-09-10 17:17:22.579  INFO 10796 --- [main] s.w.s.m.m.a.RequestMappingHandlerMapping : Mapped "{[/garden/getByGardenId],methods=[GET]}" onto public com.SmartGarden.SmartGarden.model.Garden com.SmartGarden.SmartGarden.controller.GardenController.getWithGardenId(int)
2018-09-10 17:17:22.580  INFO 10796 --- [main] s.w.s.m.m.a.RequestMappingHandlerMapping : Mapped "{[/garden/deleteByUserId],methods=[POST]}" onto public boolean com.SmartGarden.SmartGarden.controller.GardenController.deleteByUserId(int)
2018-09-10 17:17:22.580  INFO 10796 --- [main] s.w.s.m.m.a.RequestMappingHandlerMapping : Mapped "{[/garden/updateGarden],methods=[POST]}" onto public boolean com.SmartGarden.SmartGarden.controller.GardenController.updateGarden(com.SmartGarden.SmartGarden.model.Garden)
2018-09-10 17:17:22.580  INFO 10796 --- [main] s.w.s.m.m.a.RequestMappingHandlerMapping : Mapped "{[/garden/getGardenNumberByUserId],methods=[GET]}" onto public int com.SmartGarden.SmartGarden.controller.GardenController.getGardenNumberByUserId(int)
2018-09-10 17:17:22.581  INFO 10796 --- [main] s.w.s.m.m.a.RequestMappingHandlerMapping : Mapped "{[/humidity/getLast20HumiDataBySensorId],methods=[GET]}" onto public java.util.List<com.SmartGarden.SmartGarden.model.HumiData> com.SmartGarden.SmartGarden.controller.HumiDataController.getLast20HumiDataBySensorId(int)
2018-09-10 17:17:22.582  INFO 10796 --- [main] s.w.s.m.m.a.RequestMappingHandlerMapping : Mapped "{[/humidity/getLast15HumiDataBySensorId],methods=[GET]}" onto public java.util.List<com.SmartGarden.SmartGarden.model.HumiData> com.SmartGarden.SmartGarden.controller.HumiDataController.getLast15HumiDataBySensorId(int)
2018-09-10 17:17:22.582  INFO 10796 --- [main] s.w.s.m.m.a.RequestMappingHandlerMapping : Mapped "{[/humidity/getLastHumiDataByGardenId],methods=[GET]}" onto public java.util.List<com.SmartGarden.SmartGarden.model.HumiData> com.SmartGarden.SmartGarden.controller.HumiDataController.getLastHumiDataByGardenId(int)
2018-09-10 17:17:22.582  INFO 10796 --- [main] s.w.s.m.m.a.RequestMappingHandlerMapping : Mapped "{[/humidity/addHumiDataWithSensorId],methods=[POST]}" onto public boolean com.SmartGarden.SmartGarden.controller.HumiDataController.addHumiData(com.SmartGarden.SmartGarden.model.HumiData,int)
2018-09-10 17:17:22.583  INFO 10796 --- [main] s.w.s.m.m.a.RequestMappingHandlerMapping : Mapped "{[/humidity/deleteByHumiDataId],methods=[POST]}" onto public boolean com.SmartGarden.SmartGarden.controller.HumiDataController.deleteHumiData(int)
2018-09-10 17:17:22.584  INFO 10796 --- [main] s.w.s.m.m.a.RequestMappingHandlerMapping : Mapped "{[/nozzles/getNozzleByGardenId],methods=[GET]}" onto public java.util.List<com.SmartGarden.SmartGarden.model.Nozzle> com.SmartGarden.SmartGarden.controller.NozzleController.getNozzleByGardenId(int)
2018-09-10 17:17:22.585  INFO 10796 --- [main] s.w.s.m.m.a.RequestMappingHandlerMapping : Mapped "{[/nozzles/getNozzleByNozzleId],methods=[GET]}" onto public com.SmartGarden.SmartGarden.model.Nozzle com.SmartGarden.SmartGarden.controller.NozzleController.getNozzleByNozzleId(int)
2018-09-10 17:17:22.585  INFO 10796 --- [main] s.w.s.m.m.a.RequestMappingHandlerMapping : Mapped "{[/nozzles/addNozzleByGardenId],methods=[POST]}" onto public com.SmartGarden.SmartGarden.model.Nozzle com.SmartGarden.SmartGarden.controller.NozzleController.addNozzleWithGardenId(com.SmartGarden.SmartGarden.model.Nozzle,int)
2018-09-10 17:17:22.585  INFO 10796 --- [main] s.w.s.m.m.a.RequestMappingHandlerMapping : Mapped "{[/nozzles/deleteNozzleByNozzleId],methods=[POST]}" onto public boolean com.SmartGarden.SmartGarden.controller.NozzleController.deleteByNozzleId(int)
2018-09-10 17:17:22.585  INFO 10796 --- [main] s.w.s.m.m.a.RequestMappingHandlerMapping : Mapped "{[/nozzles/modifyRadiusByNozzleId],methods=[POST]}" onto public boolean com.SmartGarden.SmartGarden.controller.NozzleController.modifyRadius(int,java.lang.Double)
2018-09-10 17:17:22.586  INFO 10796 --- [main] s.w.s.m.m.a.RequestMappingHandlerMapping : Mapped "{[/nozzles/modifyStateByNozzleId],methods=[POST]}" onto public boolean com.SmartGarden.SmartGarden.controller.NozzleController.modifyState(int,int)
2018-09-10 17:17:22.586  INFO 10796 --- [main] s.w.s.m.m.a.RequestMappingHandlerMapping : Mapped "{[/nozzles/modifyPositionByNozzleId],methods=[POST]}" onto public boolean com.SmartGarden.SmartGarden.controller.NozzleController.modifyPosition(int,java.lang.Double,java.lang.Double)
2018-09-10 17:17:22.591  INFO 10796 --- [main] s.w.s.m.m.a.RequestMappingHandlerMapping : Mapped "{[/sensors/getAllSensor],methods=[GET]}" onto public java.util.List<com.SmartGarden.SmartGarden.model.Sensor> com.SmartGarden.SmartGarden.controller.SensorController.getAllSensor()
2018-09-10 17:17:22.592  INFO 10796 --- [main] s.w.s.m.m.a.RequestMappingHandlerMapping : Mapped "{[/sensors/getSensorBySensorId],methods=[GET]}" onto public com.SmartGarden.SmartGarden.model.Sensor com.SmartGarden.SmartGarden.controller.SensorController.getSensorBySensorId(int)
2018-09-10 17:17:22.592  INFO 10796 --- [main] s.w.s.m.m.a.RequestMappingHandlerMapping : Mapped "{[/sensors/getSensorByGardenId],methods=[GET]}" onto public java.util.List<com.SmartGarden.SmartGarden.model.Sensor> com.SmartGarden.SmartGarden.controller.SensorController.getSensorByGardenId(int)
2018-09-10 17:17:22.592  INFO 10796 --- [main] s.w.s.m.m.a.RequestMappingHandlerMapping : Mapped "{[/sensors/getHumiSensorByGardenId],methods=[GET]}" onto public java.util.List<com.SmartGarden.SmartGarden.model.Sensor> com.SmartGarden.SmartGarden.controller.SensorController.getHumiSensorByGardenId(int)
2018-09-10 17:17:22.592  INFO 10796 --- [main] s.w.s.m.m.a.RequestMappingHandlerMapping : Mapped "{[/sensors/getTempSensorByGardenId],methods=[GET]}" onto public java.util.List<com.SmartGarden.SmartGarden.model.Sensor> com.SmartGarden.SmartGarden.controller.SensorController.getTempSensorByGardenId(int)
2018-09-10 17:17:22.592  INFO 10796 --- [main] s.w.s.m.m.a.RequestMappingHandlerMapping : Mapped "{[/sensors/addSensorWithGardenId],methods=[POST]}" onto public boolean com.SmartGarden.SmartGarden.controller.SensorController.addSensorWithGardenId(com.SmartGarden.SmartGarden.model.Sensor,int)
2018-09-10 17:17:22.592  INFO 10796 --- [main] s.w.s.m.m.a.RequestMappingHandlerMapping : Mapped "{[/sensors/modifySensorState],methods=[POST]}" onto public boolean com.SmartGarden.SmartGarden.controller.SensorController.modifySensorState(int,int)
2018-09-10 17:17:22.593  INFO 10796 --- [main] s.w.s.m.m.a.RequestMappingHandlerMapping : Mapped "{[/sensors/updateSensorBySensorId],methods=[POST]}" onto public boolean com.SmartGarden.SmartGarden.controller.SensorController.updateSensorBySensorId(com.SmartGarden.SmartGarden.model.Sensor)
2018-09-10 17:17:22.593  INFO 10796 --- [main] s.w.s.m.m.a.RequestMappingHandlerMapping : Mapped "{[/sensors/deleteSensorBySensorId],methods=[POST]}" onto public boolean com.SmartGarden.SmartGarden.controller.SensorController.deleteSensorBySensorId(int)
2018-09-10 17:17:22.593  INFO 10796 --- [main] s.w.s.m.m.a.RequestMappingHandlerMapping : Mapped "{[/sensors/getSensorNumberByGardenId],methods=[GET]}" onto public int com.SmartGarden.SmartGarden.controller.SensorController.getSensorNumberByGardenId(int)
2018-09-10 17:17:22.593  INFO 10796 --- [main] s.w.s.m.m.a.RequestMappingHandlerMapping : Mapped "{[/sensors/modifySensorPosition],methods=[POST]}" onto public boolean com.SmartGarden.SmartGarden.controller.SensorController.modifySensorPosition(int,java.lang.Double,java.lang.Double)
2018-09-10 17:17:22.594  INFO 10796 --- [main] s.w.s.m.m.a.RequestMappingHandlerMapping : Mapped "{[/temperature/addTempDataWithSensorId],methods=[POST]}" onto public boolean com.SmartGarden.SmartGarden.controller.TempDataController.addTempData(com.SmartGarden.SmartGarden.model.TempData,int)
2018-09-10 17:17:22.595  INFO 10796 --- [main] s.w.s.m.m.a.RequestMappingHandlerMapping : Mapped "{[/temperature/getLast20TempDataBySensorId],methods=[GET]}" onto public java.util.List<com.SmartGarden.SmartGarden.model.TempData> com.SmartGarden.SmartGarden.controller.TempDataController.getLast20TempDataBySensorId(int)
2018-09-10 17:17:22.595  INFO 10796 --- [main] s.w.s.m.m.a.RequestMappingHandlerMapping : Mapped "{[/temperature/getLast15TempDataBySensorId],methods=[GET]}" onto public java.util.List<com.SmartGarden.SmartGarden.model.TempData> com.SmartGarden.SmartGarden.controller.TempDataController.getLast15TempDataBySensorId(int)
2018-09-10 17:17:22.595  INFO 10796 --- [main] s.w.s.m.m.a.RequestMappingHandlerMapping : Mapped "{[/temperature/getLastTempDataByGardenId],methods=[GET]}" onto public java.util.List<com.SmartGarden.SmartGarden.model.TempData> com.SmartGarden.SmartGarden.controller.TempDataController.getLastTempDataByGardenId(int)
2018-09-10 17:17:22.595  INFO 10796 --- [main] s.w.s.m.m.a.RequestMappingHandlerMapping : Mapped "{[/temperature/deleteByTempDataId],methods=[POST]}" onto public boolean com.SmartGarden.SmartGarden.controller.TempDataController.deleteTempData(int)
2018-09-10 17:17:22.597  INFO 10796 --- [main] s.w.s.m.m.a.RequestMappingHandlerMapping : Mapped "{[/users/deleteByUserId],methods=[POST]}" onto public boolean com.SmartGarden.SmartGarden.controller.UserController.deleteByUserId(int)
2018-09-10 17:17:22.598  INFO 10796 --- [main] s.w.s.m.m.a.RequestMappingHandlerMapping : Mapped "{[/users/addUser],methods=[POST]}" onto public com.SmartGarden.SmartGarden.model.User com.SmartGarden.SmartGarden.controller.UserController.addUser(com.SmartGarden.SmartGarden.model.User)
2018-09-10 17:17:22.598  INFO 10796 --- [main] s.w.s.m.m.a.RequestMappingHandlerMapping : Mapped "{[/users/loginWithUserId],methods=[GET]}" onto public com.SmartGarden.SmartGarden.model.User com.SmartGarden.SmartGarden.controller.UserController.login(int,java.lang.String)
2018-09-10 17:17:22.598  INFO 10796 --- [main] s.w.s.m.m.a.RequestMappingHandlerMapping : Mapped "{[/users/loginWithEmail],methods=[GET]}" onto public com.SmartGarden.SmartGarden.model.User com.SmartGarden.SmartGarden.controller.UserController.loginWithEmail(java.lang.String,java.lang.String)
2018-09-10 17:17:22.598  INFO 10796 --- [main] s.w.s.m.m.a.RequestMappingHandlerMapping : Mapped "{[/users/updateUser],methods=[POST]}" onto public boolean com.SmartGarden.SmartGarden.controller.UserController.updateUser(com.SmartGarden.SmartGarden.model.User)
2018-09-10 17:17:22.598  INFO 10796 --- [main] s.w.s.m.m.a.RequestMappingHandlerMapping : Mapped "{[/users/activeUserWithUserId],methods=[POST]}" onto public boolean com.SmartGarden.SmartGarden.controller.UserController.activeUserWithUserId(int)
2018-09-10 17:17:22.598  INFO 10796 --- [main] s.w.s.m.m.a.RequestMappingHandlerMapping : Mapped "{[/users/modifyUsername],methods=[POST]}" onto public com.SmartGarden.SmartGarden.model.User com.SmartGarden.SmartGarden.controller.UserController.modifyUsername(int,java.lang.String)
2018-09-10 17:17:22.599  INFO 10796 --- [main] s.w.s.m.m.a.RequestMappingHandlerMapping : Mapped "{[/users/modifyUserState],methods=[POST]}" onto public com.SmartGarden.SmartGarden.model.User com.SmartGarden.SmartGarden.controller.UserController.modifyUserState(int,int)
2018-09-10 17:17:22.599  INFO 10796 --- [main] s.w.s.m.m.a.RequestMappingHandlerMapping : Mapped "{[/users/modifyPhone],methods=[POST]}" onto public com.SmartGarden.SmartGarden.model.User com.SmartGarden.SmartGarden.controller.UserController.modifyPhone(int,java.lang.String)
2018-09-10 17:17:22.599  INFO 10796 --- [main] s.w.s.m.m.a.RequestMappingHandlerMapping : Mapped "{[/users/modifyEmail],methods=[POST]}" onto public com.SmartGarden.SmartGarden.model.User com.SmartGarden.SmartGarden.controller.UserController.modifyEmail(int,java.lang.String)
2018-09-10 17:17:22.599  INFO 10796 --- [main] s.w.s.m.m.a.RequestMappingHandlerMapping : Mapped "{[/users/modifyUserType],methods=[POST]}" onto public com.SmartGarden.SmartGarden.model.User com.SmartGarden.SmartGarden.controller.UserController.modifyUserType(int,int)
2018-09-10 17:17:22.599  INFO 10796 --- [main] s.w.s.m.m.a.RequestMappingHandlerMapping : Mapped "{[/users/modifyPassword],methods=[POST]}" onto public com.SmartGarden.SmartGarden.model.User com.SmartGarden.SmartGarden.controller.UserController.modifyPassword(int,java.lang.String)
2018-09-10 17:17:22.599  INFO 10796 --- [main] s.w.s.m.m.a.RequestMappingHandlerMapping : Mapped "{[/users/getAllUser],methods=[GET]}" onto public java.util.List<com.SmartGarden.SmartGarden.model.User> com.SmartGarden.SmartGarden.controller.UserController.getAllUser()
2018-09-10 17:17:22.601  INFO 10796 --- [main] s.w.s.m.m.a.RequestMappingHandlerMapping : Mapped "{[/waterConfig/deleteByGardenId],methods=[POST]}" onto public boolean com.SmartGarden.SmartGarden.controller.WaterConfigController.deleteByGardenId(int)
2018-09-10 17:17:22.602  INFO 10796 --- [main] s.w.s.m.m.a.RequestMappingHandlerMapping : Mapped "{[/waterConfig/getConfigByGardenId],methods=[GET]}" onto public java.util.List<com.SmartGarden.SmartGarden.model.WateringConfig> com.SmartGarden.SmartGarden.controller.WaterConfigController.getConfigByGardenId(int)
2018-09-10 17:17:22.602  INFO 10796 --- [main] s.w.s.m.m.a.RequestMappingHandlerMapping : Mapped "{[/waterConfig/hasActiveConfig],methods=[GET]}" onto public boolean com.SmartGarden.SmartGarden.controller.WaterConfigController.hasActiveConfig(int)
2018-09-10 17:17:22.602  INFO 10796 --- [main] s.w.s.m.m.a.RequestMappingHandlerMapping : Mapped "{[/waterConfig/getAllConfig],methods=[GET]}" onto public java.util.List<com.SmartGarden.SmartGarden.model.WateringConfig> com.SmartGarden.SmartGarden.controller.WaterConfigController.getAllConfig()
2018-09-10 17:17:22.602  INFO 10796 --- [main] s.w.s.m.m.a.RequestMappingHandlerMapping : Mapped "{[/waterConfig/addConfigByGardenId],methods=[POST]}" onto public com.SmartGarden.SmartGarden.model.WateringConfig com.SmartGarden.SmartGarden.controller.WaterConfigController.addConfig(com.SmartGarden.SmartGarden.model.WateringConfig,int)
2018-09-10 17:17:22.602  INFO 10796 --- [main] s.w.s.m.m.a.RequestMappingHandlerMapping : Mapped "{[/waterConfig/deleteByConfigId],methods=[POST]}" onto public boolean com.SmartGarden.SmartGarden.controller.WaterConfigController.deleteConfig(int)
2018-09-10 17:17:22.602  INFO 10796 --- [main] s.w.s.m.m.a.RequestMappingHandlerMapping : Mapped "{[/waterConfig/changeConfigState],methods=[POST]}" onto public boolean com.SmartGarden.SmartGarden.controller.WaterConfigController.changeConfigState(int)
2018-09-10 17:17:22.602  INFO 10796 --- [main] s.w.s.m.m.a.RequestMappingHandlerMapping : Mapped "{[/waterConfig/updateConfig],methods=[POST]}" onto public boolean com.SmartGarden.SmartGarden.controller.WaterConfigController.updateConfig(com.SmartGarden.SmartGarden.model.WateringConfig)
2018-09-10 17:17:22.603  INFO 10796 --- [main] s.w.s.m.m.a.RequestMappingHandlerMapping : Mapped "{[/waterConfig/changeTempConfig],methods=[POST]}" onto public boolean com.SmartGarden.SmartGarden.controller.WaterConfigController.changeTempConfig(int,java.lang.Double,java.lang.Double)
2018-09-10 17:17:22.603  INFO 10796 --- [main] s.w.s.m.m.a.RequestMappingHandlerMapping : Mapped "{[/waterConfig/changeHumiConfig],methods=[POST]}" onto public boolean com.SmartGarden.SmartGarden.controller.WaterConfigController.changeHumiConfig(int,java.lang.Double,java.lang.Double)
2018-09-10 17:17:22.603  INFO 10796 --- [main] s.w.s.m.m.a.RequestMappingHandlerMapping : Mapped "{[/waterConfig/runAutoWatering],methods=[POST]}" onto public void com.SmartGarden.SmartGarden.controller.WaterConfigController.runAutoWatering()
2018-09-10 17:17:22.605  INFO 10796 --- [main] s.w.s.m.m.a.RequestMappingHandlerMapping : Mapped "{[/error]}" onto public org.springframework.http.ResponseEntity<java.util.Map<java.lang.String, java.lang.Object>> org.springframework.boot.autoconfigure.web.servlet.error.BasicErrorController.error(javax.servlet.http.HttpServletRequest)
2018-09-10 17:17:22.605  INFO 10796 --- [main] s.w.s.m.m.a.RequestMappingHandlerMapping : Mapped "{[/error],produces=[text/html]}" onto public org.springframework.web.servlet.ModelAndView org.springframework.boot.autoconfigure.web.servlet.error.BasicErrorController.errorHtml(javax.servlet.http.HttpServletRequest,javax.servlet.http.HttpServletResponse)
2018-09-10 17:17:22.625  INFO 10796 --- [main] o.s.w.s.handler.SimpleUrlHandlerMapping  : Mapped URL path [/webjars/**] onto handler of type [class org.springframework.web.servlet.resource.ResourceHttpRequestHandler]
2018-09-10 17:17:22.625  INFO 10796 --- [main] o.s.w.s.handler.SimpleUrlHandlerMapping  : Mapped URL path [/**] onto handler of type [class org.springframework.web.servlet.resource.ResourceHttpRequestHandler]
2018-09-10 17:17:22.827  INFO 10796 --- [main] o.s.j.e.a.AnnotationMBeanExporter        : Registering beans for JMX exposure on startup
2018-09-10 17:17:22.829  INFO 10796 --- [main] o.s.j.e.a.AnnotationMBeanExporter        : Bean with name 'dataSource' has been autodetected for JMX exposure
2018-09-10 17:17:22.833  INFO 10796 --- [main] o.s.j.e.a.AnnotationMBeanExporter        : Located MBean 'dataSource': registering with JMX server as MBean [com.zaxxer.hikari:name=dataSource,type=HikariDataSource]
2018-09-10 17:17:22.875  INFO 10796 --- [main] o.s.b.w.embedded.tomcat.TomcatWebServer  : Tomcat started on port(s): 8080 (http) with context path ''
2018-09-10 17:17:22.879  INFO 10796 --- [main] c.S.SmartGarden.SmartGardenApplication   : Started SmartGardenApplication in 5.058 seconds (JVM running for 5.883)
2018-09-10 17:17:22.881  INFO 10796 --- [main] c.S.SmartGarden.SmartGardenApplication   : SpringBoot加载完毕
2018-09-10 17:26:13.779  INFO 10796 --- [http-nio-8080-exec-1] o.a.c.c.C.[Tomcat].[localhost].[/]       : Initializing Spring FrameworkServlet 'dispatcherServlet'
2018-09-10 17:26:13.780  INFO 10796 --- [http-nio-8080-exec-1] o.s.web.servlet.DispatcherServlet        : FrameworkServlet 'dispatcherServlet': initialization started
2018-09-10 17:26:13.804  INFO 10796 --- [http-nio-8080-exec-1] o.s.web.servlet.DispatcherServlet        : FrameworkServlet 'dispatcherServlet': initialization completed in 23 ms
2018-09-10 17:41:09.420  WARN 10796 --- [HikariPool-1 housekeeper] com.zaxxer.hikari.pool.HikariPool        : HikariPool-1 - Thread starvation or clock leap detected (housekeeper delta=3m48s635ms).
2018-09-10 17:58:44.255  INFO 10796 --- [Thread-13] ConfigServletWebServerApplicationContext : Closing org.springframework.boot.web.servlet.context.AnnotationConfigServletWebServerApplicationContext@18078bef: startup date [Mon Sep 10 17:17:18 CST 2018]; root of context hierarchy
2018-09-10 17:58:44.266  INFO 10796 --- [Thread-13] o.s.j.e.a.AnnotationMBeanExporter        : Unregistering JMX-exposed beans on shutdown
2018-09-10 17:58:44.267  INFO 10796 --- [Thread-13] o.s.j.e.a.AnnotationMBeanExporter        : Unregistering JMX-exposed beans
2018-09-10 17:58:44.269  INFO 10796 --- [Thread-13] j.LocalContainerEntityManagerFactoryBean : Closing JPA EntityManagerFactory for persistence unit 'default'
2018-09-10 17:58:44.270  INFO 10796 --- [Thread-13] com.zaxxer.hikari.HikariDataSource       : HikariPool-1 - Shutdown initiated...
2018-09-10 17:58:44.276  INFO 10796 --- [Thread-13] com.zaxxer.hikari.HikariDataSource       : HikariPool-1 - Shutdown completed.
